#
# There is insufficient memory for the Java Runtime Environment to continue.
# Native memory allocation (malloc) failed to allocate 1048576 bytes for AllocateHeap
# Possible reasons:
#   The system is out of physical RAM or swap space
#   The process is running with CompressedOops enabled, and the Java Heap may be blocking the growth of the native heap
# Possible solutions:
#   Reduce memory load on the system
#   Increase physical memory or swap space
#   Check if swap backing store is full
#   Decrease Java heap size (-Xmx/-Xms)
#   Decrease number of Java threads
#   Decrease Java thread stack sizes (-Xss)
#   Set larger code cache with -XX:ReservedCodeCacheSize=
#   JVM is running with Unscaled Compressed Oops mode in which the Java heap is
#     placed in the first 4GB address space. The Java Heap base address is the
#     maximum limit for the native heap growth. Please use -XX:HeapBaseMinAddress
#     to set the Java Heap base and to place the Java Heap above 4GB virtual address.
# This output file may be truncated or incomplete.
#
#  Out of Memory Error (allocation.cpp:44), pid=20020, tid=22992
#
# JRE version: OpenJDK Runtime Environment Temurin-17.0.8+7 (17.0.8+7) (build 17.0.8+7)
# Java VM: OpenJDK 64-Bit Server VM Temurin-17.0.8+7 (17.0.8+7, mixed mode, emulated-client, sharing, tiered, compressed oops, compressed class ptrs, g1 gc, windows-amd64)
# No core dump will be written. Minidumps are not enabled by default on client versions of Windows
#

---------------  S U M M A R Y ------------

Command Line: -XX:+HeapDumpOnOutOfMemoryError -Xmx1024m -Dsts.lsp.client=vscode -Dsts.log.file=/dev/null -XX:TieredStopAtLevel=1 -Xlog:jni+resolve=off -Dspring.config.location=file:c:\Users\jkomz\.vscode\extensions\vmware.vscode-spring-boot-1.48.0\language-server\BOOT-INF\classes\application.properties org.springframework.ide.vscode.boot.app.BootLanguageServerBootApp

Host: Intel(R) Core(TM) i5-10300H CPU @ 2.50GHz, 8 cores, 7G,  Windows 10 , 64 bit Build 19041 (10.0.19041.3155)
Time: Fri Aug 18 17:50:44 2023 FLE Daylight Time elapsed time: 16879.116486 seconds (0d 4h 41m 19s)

---------------  T H R E A D  ---------------

Current thread (0x0000021f699397f0):  VMThread "VM Thread" [stack: 0x000000bce2700000,0x000000bce2800000] [id=22992]

Stack: [0x000000bce2700000,0x000000bce2800000]
Native frames: (J=compiled Java code, j=interpreted, Vv=VM code, C=native code)
V  [jvm.dll+0x678b0a]
V  [jvm.dll+0x835e84]
V  [jvm.dll+0x83762e]
V  [jvm.dll+0x837c93]
V  [jvm.dll+0x24746f]
V  [jvm.dll+0xa697b]
V  [jvm.dll+0x2f7eb3]
V  [jvm.dll+0x2f3b80]
V  [jvm.dll+0x2dc1c7]
V  [jvm.dll+0x31f227]
V  [jvm.dll+0x83c15b]
V  [jvm.dll+0x83ce94]
V  [jvm.dll+0x83d3ac]
V  [jvm.dll+0x83d784]
V  [jvm.dll+0x83d850]
V  [jvm.dll+0x7e64ca]
V  [jvm.dll+0x677955]
C  [ucrtbase.dll+0x21bb2]
C  [KERNEL32.DLL+0x17614]
C  [ntdll.dll+0x526b1]

VM_Operation (0x000000bce40fe990): G1CollectFull, mode: safepoint, requested by thread 0x0000021f6f1cad20


---------------  P R O C E S S  ---------------

Threads class SMR info:
_java_thread_list=0x0000021f6f8f1760, length=40, elements={
0x0000021f6993d210, 0x0000021f6993dfa0, 0x0000021f69958be0, 0x0000021f6995a4c0,
0x0000021f6995ddb0, 0x0000021f6995e680, 0x0000021f6995f000, 0x0000021f69961920,
0x0000021f69c37630, 0x0000021f69c3bcd0, 0x0000021f6f13ac30, 0x0000021f6f1ca840,
0x0000021f6f1cad20, 0x0000021f6f24e050, 0x0000021f57c6eac0, 0x0000021f6f130040,
0x0000021f6f3647c0, 0x0000021f6e5233d0, 0x0000021f6f44cdb0, 0x0000021f6f449600,
0x0000021f6f44a530, 0x0000021f6f446360, 0x0000021f6f44d2c0, 0x0000021f6f44be80,
0x0000021f6f44c8a0, 0x0000021f6f446870, 0x0000021f6f447cb0, 0x0000021f787fd4f0,
0x0000021f787f8e10, 0x0000021f787fc0b0, 0x0000021f787fcfe0, 0x0000021f787ffd70,
0x0000021f787fda00, 0x0000021f78800790, 0x0000021f787fa250, 0x0000021f787f9320,
0x0000021f787fa760, 0x0000021f787f9830, 0x0000021f787fb690, 0x0000021f787fac70
}

Java Threads: ( => current thread )
  0x0000021f6993d210 JavaThread "Reference Handler" daemon [_thread_blocked, id=22664, stack(0x000000bce2800000,0x000000bce2900000)]
  0x0000021f6993dfa0 JavaThread "Finalizer" daemon [_thread_blocked, id=18236, stack(0x000000bce2900000,0x000000bce2a00000)]
  0x0000021f69958be0 JavaThread "Signal Dispatcher" daemon [_thread_blocked, id=18012, stack(0x000000bce2a00000,0x000000bce2b00000)]
  0x0000021f6995a4c0 JavaThread "Attach Listener" daemon [_thread_blocked, id=23536, stack(0x000000bce2b00000,0x000000bce2c00000)]
  0x0000021f6995ddb0 JavaThread "Service Thread" daemon [_thread_blocked, id=21812, stack(0x000000bce2c00000,0x000000bce2d00000)]
  0x0000021f6995e680 JavaThread "Monitor Deflation Thread" daemon [_thread_blocked, id=21480, stack(0x000000bce2d00000,0x000000bce2e00000)]
  0x0000021f6995f000 JavaThread "C1 CompilerThread0" daemon [_thread_blocked, id=2640, stack(0x000000bce2e00000,0x000000bce2f00000)]
  0x0000021f69961920 JavaThread "Sweeper thread" daemon [_thread_blocked, id=2624, stack(0x000000bce2f00000,0x000000bce3000000)]
  0x0000021f69c37630 JavaThread "Notification Thread" daemon [_thread_blocked, id=15344, stack(0x000000bce3200000,0x000000bce3300000)]
  0x0000021f69c3bcd0 JavaThread "Common-Cleaner" daemon [_thread_blocked, id=24532, stack(0x000000bce3400000,0x000000bce3500000)]
  0x0000021f6f13ac30 JavaThread "boundedElastic-evictor-1" daemon [_thread_blocked, id=22628, stack(0x000000bce3e00000,0x000000bce3f00000)]
  0x0000021f6f1ca840 JavaThread "boundedElastic-evictor-2" daemon [_thread_blocked, id=20856, stack(0x000000bce3f00000,0x000000bce4000000)]
  0x0000021f6f1cad20 JavaThread "pool-11-thread-1" [_thread_blocked, id=19568, stack(0x000000bce4000000,0x000000bce4100000)]
  0x0000021f6f24e050 JavaThread "LanguageServerApp-lifecycle" [_thread_blocked, id=11152, stack(0x000000bce4100000,0x000000bce4200000)]
  0x0000021f57c6eac0 JavaThread "DestroyJavaVM" [_thread_blocked, id=9392, stack(0x000000bce2100000,0x000000bce2200000)]
  0x0000021f6f130040 JavaThread "pool-12-thread-1" [_thread_in_native, id=24440, stack(0x000000bce4200000,0x000000bce4300000)]
  0x0000021f6f3647c0 JavaThread "Simple-Language-Server main thread" daemon [_thread_blocked, id=8832, stack(0x000000bce4300000,0x000000bce4400000)]
  0x0000021f6e5233d0 JavaThread "pool-7-thread-1" [_thread_blocked, id=24012, stack(0x000000bce4500000,0x000000bce4600000)]
  0x0000021f6f44cdb0 JavaThread "parallel-1" daemon [_thread_blocked, id=24348, stack(0x000000bce5500000,0x000000bce5600000)]
  0x0000021f6f449600 JavaThread "pool-5-thread-1" [_thread_blocked, id=3200, stack(0x000000bce5b00000,0x000000bce5c00000)]
  0x0000021f6f44a530 JavaThread "parallel-2" daemon [_thread_blocked, id=17684, stack(0x000000bce5c00000,0x000000bce5d00000)]
  0x0000021f6f446360 JavaThread "parallel-3" daemon [_thread_blocked, id=18728, stack(0x000000bce3d00000,0x000000bce3e00000)]
  0x0000021f6f44d2c0 JavaThread "parallel-4" daemon [_thread_blocked, id=21752, stack(0x000000bce4700000,0x000000bce4800000)]
  0x0000021f6f44be80 JavaThread "parallel-5" daemon [_thread_blocked, id=11744, stack(0x000000bce4800000,0x000000bce4900000)]
  0x0000021f6f44c8a0 JavaThread "parallel-6" daemon [_thread_blocked, id=24300, stack(0x000000bce4900000,0x000000bce4a00000)]
  0x0000021f6f446870 JavaThread "parallel-7" daemon [_thread_blocked, id=4460, stack(0x000000bce4a00000,0x000000bce4b00000)]
  0x0000021f6f447cb0 JavaThread "Reconciler-1" daemon [_thread_blocked, id=8276, stack(0x000000bce4c00000,0x000000bce4d00000)]
  0x0000021f787fd4f0 JavaThread "pool-8-thread-1" [_thread_blocked, id=22928, stack(0x000000bce1e00000,0x000000bce1f00000)]
  0x0000021f787f8e10 JavaThread "pool-8-thread-2" [_thread_blocked, id=23740, stack(0x000000bce2000000,0x000000bce2100000)]
  0x0000021f787fc0b0 JavaThread "pool-8-thread-3" [_thread_blocked, id=10168, stack(0x000000bce3000000,0x000000bce3100000)]
  0x0000021f787fcfe0 JavaThread "pool-6-thread-1" [_thread_blocked, id=22632, stack(0x000000bce3c00000,0x000000bce3d00000)]
  0x0000021f787ffd70 JavaThread "RMI RenewClean-[localhost:63027]" daemon [_thread_blocked, id=1980, stack(0x000000bce4400000,0x000000bce4500000)]
  0x0000021f787fda00 JavaThread "RMI GC Daemon" daemon [_thread_blocked, id=13008, stack(0x000000bce4600000,0x000000bce4700000)]
  0x0000021f78800790 JavaThread "RMI Scheduler(0)" daemon [_thread_blocked, id=3096, stack(0x000000bce4b00000,0x000000bce4c00000)]
  0x0000021f787fa250 JavaThread "JMX client heartbeat 2" daemon [_thread_blocked, id=13672, stack(0x000000bce4e00000,0x000000bce4f00000)]
  0x0000021f787f9320 JavaThread "pool-6-thread-2" [_thread_blocked, id=12952, stack(0x000000bce4f00000,0x000000bce5000000)]
  0x0000021f787fa760 JavaThread "pool-6-thread-3" [_thread_blocked, id=16428, stack(0x000000bce5000000,0x000000bce5100000)]
  0x0000021f787f9830 JavaThread "pool-6-thread-4" [_thread_blocked, id=3624, stack(0x000000bce5100000,0x000000bce5200000)]
  0x0000021f787fb690 JavaThread "pool-6-thread-5" [_thread_blocked, id=22324, stack(0x000000bce5200000,0x000000bce5300000)]
  0x0000021f787fac70 JavaThread "pool-6-thread-6" [_thread_blocked, id=15616, stack(0x000000bce5800000,0x000000bce5900000)]

Other Threads:
=>0x0000021f699397f0 VMThread "VM Thread" [stack: 0x000000bce2700000,0x000000bce2800000] [id=22992]
  0x0000021f59da7860 WatcherThread [stack: 0x000000bce3300000,0x000000bce3400000] [id=23296]
  0x0000021f59d92ab0 GCTaskThread "GC Thread#0" [stack: 0x000000bce2200000,0x000000bce2300000] [id=16092]
  0x0000021f6e6c1710 GCTaskThread "GC Thread#1" [stack: 0x000000bce3100000,0x000000bce3200000] [id=2120]
  0x0000021f6e6c9ed0 GCTaskThread "GC Thread#2" [stack: 0x000000bce3500000,0x000000bce3600000] [id=18584]
  0x0000021f6e6188b0 GCTaskThread "GC Thread#3" [stack: 0x000000bce3600000,0x000000bce3700000] [id=23172]
  0x0000021f6ea3d210 GCTaskThread "GC Thread#4" [stack: 0x000000bce3700000,0x000000bce3800000] [id=22436]
  0x0000021f6ea3d4d0 GCTaskThread "GC Thread#5" [stack: 0x000000bce3800000,0x000000bce3900000] [id=19248]
  0x0000021f6ea3d790 GCTaskThread "GC Thread#6" [stack: 0x000000bce3900000,0x000000bce3a00000] [id=11212]
  0x0000021f6ea3de60 GCTaskThread "GC Thread#7" [stack: 0x000000bce3a00000,0x000000bce3b00000] [id=22184]
  0x0000021f59d9b910 ConcurrentGCThread "G1 Main Marker" [stack: 0x000000bce2300000,0x000000bce2400000] [id=12244]
  0x0000021f59d9c230 ConcurrentGCThread "G1 Conc#0" [stack: 0x000000bce2400000,0x000000bce2500000] [id=16788]
  0x0000021f6f0284b0 ConcurrentGCThread "G1 Conc#1" [stack: 0x000000bce3b00000,0x000000bce3c00000] [id=23520]
  0x0000021f59df9240 ConcurrentGCThread "G1 Refine#0" [stack: 0x000000bce2500000,0x000000bce2600000] [id=2272]
  0x0000021f70395c80 ConcurrentGCThread "G1 Refine#1" [stack: 0x000000bce6100000,0x000000bce6200000] [id=19920]
  0x0000021f703ce820 ConcurrentGCThread "G1 Refine#2" [stack: 0x000000bce6200000,0x000000bce6300000] [id=16620]
  0x0000021f6f65a390 ConcurrentGCThread "G1 Refine#3" [stack: 0x000000bce7200000,0x000000bce7300000] [id=15536]
  0x0000021f6f65b240 ConcurrentGCThread "G1 Refine#4" [stack: 0x000000bce5300000,0x000000bce5400000] [id=16712]
  0x0000021f6f65a0a0 ConcurrentGCThread "G1 Refine#5" [stack: 0x000000bce1f00000,0x000000bce2000000] [id=9340]
  0x0000021f59df9b80 ConcurrentGCThread "G1 Service" [stack: 0x000000bce2600000,0x000000bce2700000] [id=10284]

Threads with active compile tasks:

VM state: at safepoint (normal execution)

VM Mutex/Monitor currently owned by a thread:  ([mutex/lock_event])
[0x0000021f57bb5dc0] Threads_lock - owner thread: 0x0000021f699397f0
[0x0000021f59d540f0] Heap_lock - owner thread: 0x0000021f6f1cad20

Heap address: 0x00000000c0000000, size: 1024 MB, Compressed Oops mode: 32-bit

CDS archive(s) mapped at: [0x0000021f00000000-0x0000021f00bd0000-0x0000021f00bd0000), size 12386304, SharedBaseAddress: 0x0000021f00000000, ArchiveRelocationMode: 1.
Compressed class space mapped at: 0x0000021f01000000-0x0000021f41000000, reserved size: 1073741824
Narrow klass base: 0x0000021f00000000, Narrow klass shift: 0, Narrow klass range: 0x100000000

GC Precious Log:
 CPUs: 8 total, 8 available
 Memory: 7985M
 Large Page Support: Disabled
 NUMA Support: Disabled
 Compressed Oops: Enabled (32-bit)
 Heap Region Size: 1M
 Heap Min Capacity: 8M
 Heap Initial Capacity: 126M
 Heap Max Capacity: 1G
 Pre-touch: Disabled
 Parallel Workers: 8
 Concurrent Workers: 2
 Concurrent Refinement Workers: 8
 Periodic GC: Disabled

Heap:
 garbage-first heap   total 286720K, used 87264K [0x00000000c0000000, 0x0000000100000000)
  region size 1024K, 1 young (1024K), 0 survivors (0K)
 Metaspace       used 69438K, committed 70464K, reserved 1114112K
  class space    used 9560K, committed 9920K, reserved 1048576K

Heap Regions: E=young(eden), S=young(survivor), O=old, HS=humongous(starts), HC=humongous(continues), CS=collection set, F=free, OA=open archive, CA=closed archive, TAMS=top-at-mark-start (previous, next)
|   0|0x00000000c0000000, 0x00000000c00fffd0, 0x00000000c0100000| 99%| O|  |TAMS 0x00000000c00fffd0, 0x00000000c0000000| Untracked 
|   1|0x00000000c0100000, 0x00000000c01ffff0, 0x00000000c0200000| 99%| O|  |TAMS 0x00000000c01ffff0, 0x00000000c0100000| Untracked 
|   2|0x00000000c0200000, 0x00000000c0300000, 0x00000000c0300000|100%| O|  |TAMS 0x00000000c0300000, 0x00000000c0200000| Untracked 
|   3|0x00000000c0300000, 0x00000000c03ffff0, 0x00000000c0400000| 99%| O|  |TAMS 0x00000000c03ffff0, 0x00000000c0300000| Untracked 
|   4|0x00000000c0400000, 0x00000000c04fffe0, 0x00000000c0500000| 99%| O|  |TAMS 0x00000000c04fffe0, 0x00000000c0400000| Untracked 
|   5|0x00000000c0500000, 0x00000000c05ffff8, 0x00000000c0600000| 99%| O|  |TAMS 0x00000000c05ffff8, 0x00000000c0500000| Untracked 
|   6|0x00000000c0600000, 0x00000000c0700000, 0x00000000c0700000|100%| O|  |TAMS 0x00000000c0700000, 0x00000000c0600000| Untracked 
|   7|0x00000000c0700000, 0x00000000c0800000, 0x00000000c0800000|100%| O|  |TAMS 0x00000000c0800000, 0x00000000c0700000| Untracked 
|   8|0x00000000c0800000, 0x00000000c08ff5e8, 0x00000000c0900000| 99%| O|  |TAMS 0x00000000c08ff5e8, 0x00000000c0800000| Untracked 
|   9|0x00000000c0900000, 0x00000000c09ffff8, 0x00000000c0a00000| 99%| O|  |TAMS 0x00000000c09ffff8, 0x00000000c0900000| Untracked 
|  10|0x00000000c0a00000, 0x00000000c0afffc0, 0x00000000c0b00000| 99%| O|  |TAMS 0x00000000c0afffc0, 0x00000000c0a00000| Untracked 
|  11|0x00000000c0b00000, 0x00000000c0bffff8, 0x00000000c0c00000| 99%| O|  |TAMS 0x00000000c0bffff8, 0x00000000c0b00000| Untracked 
|  12|0x00000000c0c00000, 0x00000000c0cffff8, 0x00000000c0d00000| 99%| O|  |TAMS 0x00000000c0cffff8, 0x00000000c0c00000| Untracked 
|  13|0x00000000c0d00000, 0x00000000c0dffff0, 0x00000000c0e00000| 99%| O|  |TAMS 0x00000000c0dffff0, 0x00000000c0d00000| Untracked 
|  14|0x00000000c0e00000, 0x00000000c0efff98, 0x00000000c0f00000| 99%| O|  |TAMS 0x00000000c0efff98, 0x00000000c0e00000| Untracked 
|  15|0x00000000c0f00000, 0x00000000c1000000, 0x00000000c1000000|100%| O|  |TAMS 0x00000000c1000000, 0x00000000c0f00000| Untracked 
|  16|0x00000000c1000000, 0x00000000c10ff918, 0x00000000c1100000| 99%| O|  |TAMS 0x00000000c10ff918, 0x00000000c1000000| Untracked 
|  17|0x00000000c1100000, 0x00000000c11ffff0, 0x00000000c1200000| 99%| O|  |TAMS 0x00000000c11ffff0, 0x00000000c1100000| Untracked 
|  18|0x00000000c1200000, 0x00000000c12fffe8, 0x00000000c1300000| 99%| O|  |TAMS 0x00000000c12fffe8, 0x00000000c1200000| Untracked 
|  19|0x00000000c1300000, 0x00000000c13fffd0, 0x00000000c1400000| 99%| O|  |TAMS 0x00000000c13fffd0, 0x00000000c1300000| Untracked 
|  20|0x00000000c1400000, 0x00000000c14ffff0, 0x00000000c1500000| 99%| O|  |TAMS 0x00000000c14ffff0, 0x00000000c1400000| Untracked 
|  21|0x00000000c1500000, 0x00000000c15ffff8, 0x00000000c1600000| 99%| O|  |TAMS 0x00000000c15ffff8, 0x00000000c1500000| Untracked 
|  22|0x00000000c1600000, 0x00000000c16fffd8, 0x00000000c1700000| 99%| O|  |TAMS 0x00000000c16fffd8, 0x00000000c1600000| Untracked 
|  23|0x00000000c1700000, 0x00000000c17fffe0, 0x00000000c1800000| 99%| O|  |TAMS 0x00000000c17fffe0, 0x00000000c1700000| Untracked 
|  24|0x00000000c1800000, 0x00000000c18ffff8, 0x00000000c1900000| 99%| O|  |TAMS 0x00000000c18ffff8, 0x00000000c1800000| Untracked 
|  25|0x00000000c1900000, 0x00000000c19fffa0, 0x00000000c1a00000| 99%| O|  |TAMS 0x00000000c19fffa0, 0x00000000c1900000| Untracked 
|  26|0x00000000c1a00000, 0x00000000c1affff0, 0x00000000c1b00000| 99%| O|  |TAMS 0x00000000c1affff0, 0x00000000c1a00000| Untracked 
|  27|0x00000000c1b00000, 0x00000000c1bffff0, 0x00000000c1c00000| 99%| O|  |TAMS 0x00000000c1bffff0, 0x00000000c1b00000| Untracked 
|  28|0x00000000c1c00000, 0x00000000c1cffff0, 0x00000000c1d00000| 99%| O|  |TAMS 0x00000000c1cffff0, 0x00000000c1c00000| Untracked 
|  29|0x00000000c1d00000, 0x00000000c1dffff8, 0x00000000c1e00000| 99%| O|  |TAMS 0x00000000c1dffff8, 0x00000000c1d00000| Untracked 
|  30|0x00000000c1e00000, 0x00000000c1efffe0, 0x00000000c1f00000| 99%| O|  |TAMS 0x00000000c1efffe0, 0x00000000c1e00000| Untracked 
|  31|0x00000000c1f00000, 0x00000000c1ffd858, 0x00000000c2000000| 99%| O|  |TAMS 0x00000000c1ffd858, 0x00000000c1f00000| Untracked 
|  32|0x00000000c2000000, 0x00000000c20fffe8, 0x00000000c2100000| 99%| O|  |TAMS 0x00000000c20fffe8, 0x00000000c2000000| Untracked 
|  33|0x00000000c2100000, 0x00000000c21fffe0, 0x00000000c2200000| 99%| O|  |TAMS 0x00000000c21fffe0, 0x00000000c2100000| Untracked 
|  34|0x00000000c2200000, 0x00000000c22ffff8, 0x00000000c2300000| 99%| O|  |TAMS 0x00000000c22ffff8, 0x00000000c2200000| Untracked 
|  35|0x00000000c2300000, 0x00000000c23ffa28, 0x00000000c2400000| 99%| O|  |TAMS 0x00000000c23ffa28, 0x00000000c2300000| Untracked 
|  36|0x00000000c2400000, 0x00000000c24ffff8, 0x00000000c2500000| 99%| O|  |TAMS 0x00000000c24ffff8, 0x00000000c2400000| Untracked 
|  37|0x00000000c2500000, 0x00000000c2600000, 0x00000000c2600000|100%| O|  |TAMS 0x00000000c2600000, 0x00000000c2500000| Untracked 
|  38|0x00000000c2600000, 0x00000000c26ffff8, 0x00000000c2700000| 99%| O|  |TAMS 0x00000000c26ffff8, 0x00000000c2600000| Untracked 
|  39|0x00000000c2700000, 0x00000000c27ff860, 0x00000000c2800000| 99%| O|  |TAMS 0x00000000c27ff860, 0x00000000c2700000| Untracked 
|  40|0x00000000c2800000, 0x00000000c28ffff8, 0x00000000c2900000| 99%| O|  |TAMS 0x00000000c28ffff8, 0x00000000c2800000| Untracked 
|  41|0x00000000c2900000, 0x00000000c29fe9d8, 0x00000000c2a00000| 99%| O|  |TAMS 0x00000000c29fe9d8, 0x00000000c2900000| Untracked 
|  42|0x00000000c2a00000, 0x00000000c2afffe8, 0x00000000c2b00000| 99%| O|  |TAMS 0x00000000c2afffe8, 0x00000000c2a00000| Untracked 
|  43|0x00000000c2b00000, 0x00000000c2bffff0, 0x00000000c2c00000| 99%| O|  |TAMS 0x00000000c2bffff0, 0x00000000c2b00000| Untracked 
|  44|0x00000000c2c00000, 0x00000000c2d00000, 0x00000000c2d00000|100%| O|  |TAMS 0x00000000c2d00000, 0x00000000c2c00000| Untracked 
|  45|0x00000000c2d00000, 0x00000000c2e00000, 0x00000000c2e00000|100%| O|  |TAMS 0x00000000c2e00000, 0x00000000c2d00000| Untracked 
|  46|0x00000000c2e00000, 0x00000000c2f00000, 0x00000000c2f00000|100%| O|  |TAMS 0x00000000c2f00000, 0x00000000c2e00000| Untracked 
|  47|0x00000000c2f00000, 0x00000000c2fffff0, 0x00000000c3000000| 99%| O|  |TAMS 0x00000000c2fffff0, 0x00000000c2f00000| Untracked 
|  48|0x00000000c3000000, 0x00000000c30fffd8, 0x00000000c3100000| 99%| O|  |TAMS 0x00000000c30fffd8, 0x00000000c3000000| Untracked 
|  49|0x00000000c3100000, 0x00000000c3200000, 0x00000000c3200000|100%| O|  |TAMS 0x00000000c3200000, 0x00000000c3100000| Untracked 
|  50|0x00000000c3200000, 0x00000000c32ffff8, 0x00000000c3300000| 99%| O|  |TAMS 0x00000000c32ffff8, 0x00000000c3200000| Untracked 
|  51|0x00000000c3300000, 0x00000000c33fffe0, 0x00000000c3400000| 99%| O|  |TAMS 0x00000000c33fffe0, 0x00000000c3300000| Untracked 
|  52|0x00000000c3400000, 0x00000000c34fffb8, 0x00000000c3500000| 99%| O|  |TAMS 0x00000000c34fffb8, 0x00000000c3400000| Untracked 
|  53|0x00000000c3500000, 0x00000000c35ffff8, 0x00000000c3600000| 99%| O|  |TAMS 0x00000000c35ffff8, 0x00000000c3500000| Untracked 
|  54|0x00000000c3600000, 0x00000000c3700000, 0x00000000c3700000|100%|HS|  |TAMS 0x00000000c3700000, 0x00000000c3600000| Untracked 
|  55|0x00000000c3700000, 0x00000000c37ffff0, 0x00000000c3800000| 99%| O|  |TAMS 0x00000000c37ffff0, 0x00000000c3700000| Untracked 
|  56|0x00000000c3800000, 0x00000000c38ffff8, 0x00000000c3900000| 99%| O|  |TAMS 0x00000000c38ffff8, 0x00000000c3800000| Untracked 
|  57|0x00000000c3900000, 0x00000000c3a00000, 0x00000000c3a00000|100%| O|  |TAMS 0x00000000c3a00000, 0x00000000c3900000| Untracked 
|  58|0x00000000c3a00000, 0x00000000c3af2f70, 0x00000000c3b00000| 94%| O|  |TAMS 0x00000000c3a00000, 0x00000000c3a00000| Untracked 
|  59|0x00000000c3b00000, 0x00000000c3bfffd0, 0x00000000c3c00000| 99%| O|  |TAMS 0x00000000c3bfffd0, 0x00000000c3b00000| Untracked 
|  60|0x00000000c3c00000, 0x00000000c3cfffd8, 0x00000000c3d00000| 99%| O|  |TAMS 0x00000000c3cfffd8, 0x00000000c3c00000| Untracked 
|  61|0x00000000c3d00000, 0x00000000c3dff268, 0x00000000c3e00000| 99%| O|  |TAMS 0x00000000c3dff268, 0x00000000c3d00000| Untracked 
|  62|0x00000000c3e00000, 0x00000000c3efffd8, 0x00000000c3f00000| 99%| O|  |TAMS 0x00000000c3efffd8, 0x00000000c3e00000| Untracked 
|  63|0x00000000c3f00000, 0x00000000c3fffda0, 0x00000000c4000000| 99%| O|  |TAMS 0x00000000c3fffda0, 0x00000000c3f00000| Untracked 
|  64|0x00000000c4000000, 0x00000000c40fffc0, 0x00000000c4100000| 99%| O|  |TAMS 0x00000000c40fffc0, 0x00000000c4000000| Untracked 
|  65|0x00000000c4100000, 0x00000000c41fffe8, 0x00000000c4200000| 99%| O|  |TAMS 0x00000000c41fffe8, 0x00000000c4100000| Untracked 
|  66|0x00000000c4200000, 0x00000000c42fffe8, 0x00000000c4300000| 99%| O|  |TAMS 0x00000000c42fffe8, 0x00000000c4200000| Untracked 
|  67|0x00000000c4300000, 0x00000000c43fffd0, 0x00000000c4400000| 99%| O|  |TAMS 0x00000000c43fffd0, 0x00000000c4300000| Untracked 
|  68|0x00000000c4400000, 0x00000000c44fffb8, 0x00000000c4500000| 99%| O|  |TAMS 0x00000000c44fffb8, 0x00000000c4400000| Untracked 
|  69|0x00000000c4500000, 0x00000000c4600000, 0x00000000c4600000|100%| O|  |TAMS 0x00000000c4600000, 0x00000000c4500000| Untracked 
|  70|0x00000000c4600000, 0x00000000c4700000, 0x00000000c4700000|100%| O|  |TAMS 0x00000000c4700000, 0x00000000c4600000| Untracked 
|  71|0x00000000c4700000, 0x00000000c4800000, 0x00000000c4800000|100%| O|  |TAMS 0x00000000c4800000, 0x00000000c4700000| Untracked 
|  72|0x00000000c4800000, 0x00000000c48ffff0, 0x00000000c4900000| 99%| O|  |TAMS 0x00000000c48ffff0, 0x00000000c4800000| Untracked 
|  73|0x00000000c4900000, 0x00000000c49d71f0, 0x00000000c4a00000| 84%| O|  |TAMS 0x00000000c4900000, 0x00000000c4900000| Untracked 
|  74|0x00000000c4a00000, 0x00000000c4acf318, 0x00000000c4b00000| 80%| O|  |TAMS 0x00000000c4a00000, 0x00000000c4a00000| Untracked 
|  75|0x00000000c4b00000, 0x00000000c4ba5e78, 0x00000000c4c00000| 64%| O|  |TAMS 0x00000000c4b00000, 0x00000000c4b00000| Untracked 
|  76|0x00000000c4c00000, 0x00000000c4cfffe0, 0x00000000c4d00000| 99%| O|  |TAMS 0x00000000c4cfffe0, 0x00000000c4c00000| Untracked 
|  77|0x00000000c4d00000, 0x00000000c4d00000, 0x00000000c4e00000|  0%| F|  |TAMS 0x00000000c4d00000, 0x00000000c4d00000| Untracked 
|  78|0x00000000c4e00000, 0x00000000c4e00000, 0x00000000c4f00000|  0%| F|  |TAMS 0x00000000c4e00000, 0x00000000c4e00000| Untracked 
|  79|0x00000000c4f00000, 0x00000000c4f00000, 0x00000000c5000000|  0%| F|  |TAMS 0x00000000c4f00000, 0x00000000c4f00000| Untracked 
|  80|0x00000000c5000000, 0x00000000c50ffff0, 0x00000000c5100000| 99%| O|  |TAMS 0x00000000c50ffff0, 0x00000000c5000000| Untracked 
|  81|0x00000000c5100000, 0x00000000c5100000, 0x00000000c5200000|  0%| F|  |TAMS 0x00000000c5100000, 0x00000000c5100000| Untracked 
|  82|0x00000000c5200000, 0x00000000c5200000, 0x00000000c5300000|  0%| F|  |TAMS 0x00000000c5200000, 0x00000000c5200000| Untracked 
|  83|0x00000000c5300000, 0x00000000c5300000, 0x00000000c5400000|  0%| F|  |TAMS 0x00000000c5300000, 0x00000000c5300000| Untracked 
|  84|0x00000000c5400000, 0x00000000c5400000, 0x00000000c5500000|  0%| F|  |TAMS 0x00000000c5400000, 0x00000000c5400000| Untracked 
|  85|0x00000000c5500000, 0x00000000c5500000, 0x00000000c5600000|  0%| F|  |TAMS 0x00000000c5500000, 0x00000000c5500000| Untracked 
|  86|0x00000000c5600000, 0x00000000c5600000, 0x00000000c5700000|  0%| F|  |TAMS 0x00000000c5600000, 0x00000000c5600000| Untracked 
|  87|0x00000000c5700000, 0x00000000c5700000, 0x00000000c5800000|  0%| F|  |TAMS 0x00000000c5700000, 0x00000000c5700000| Untracked 
|  88|0x00000000c5800000, 0x00000000c5800000, 0x00000000c5900000|  0%| F|  |TAMS 0x00000000c5800000, 0x00000000c5800000| Untracked 
|  89|0x00000000c5900000, 0x00000000c5900000, 0x00000000c5a00000|  0%| F|  |TAMS 0x00000000c5900000, 0x00000000c5900000| Untracked 
|  90|0x00000000c5a00000, 0x00000000c5a00000, 0x00000000c5b00000|  0%| F|  |TAMS 0x00000000c5a00000, 0x00000000c5a00000| Untracked 
|  91|0x00000000c5b00000, 0x00000000c5b00000, 0x00000000c5c00000|  0%| F|  |TAMS 0x00000000c5b00000, 0x00000000c5b00000| Untracked 
|  92|0x00000000c5c00000, 0x00000000c5c00000, 0x00000000c5d00000|  0%| F|  |TAMS 0x00000000c5c00000, 0x00000000c5c00000| Untracked 
|  93|0x00000000c5d00000, 0x00000000c5d00000, 0x00000000c5e00000|  0%| F|  |TAMS 0x00000000c5d00000, 0x00000000c5d00000| Untracked 
|  94|0x00000000c5e00000, 0x00000000c5e00000, 0x00000000c5f00000|  0%| F|  |TAMS 0x00000000c5e00000, 0x00000000c5e00000| Untracked 
|  95|0x00000000c5f00000, 0x00000000c5f00000, 0x00000000c6000000|  0%| F|  |TAMS 0x00000000c5f00000, 0x00000000c5f00000| Untracked 
|  96|0x00000000c6000000, 0x00000000c6000000, 0x00000000c6100000|  0%| F|  |TAMS 0x00000000c6000000, 0x00000000c6000000| Untracked 
|  97|0x00000000c6100000, 0x00000000c6100000, 0x00000000c6200000|  0%| F|  |TAMS 0x00000000c6100000, 0x00000000c6100000| Untracked 
|  98|0x00000000c6200000, 0x00000000c6200000, 0x00000000c6300000|  0%| F|  |TAMS 0x00000000c6200000, 0x00000000c6200000| Untracked 
|  99|0x00000000c6300000, 0x00000000c6300000, 0x00000000c6400000|  0%| F|  |TAMS 0x00000000c6300000, 0x00000000c6300000| Untracked 
| 100|0x00000000c6400000, 0x00000000c6400000, 0x00000000c6500000|  0%| F|  |TAMS 0x00000000c6400000, 0x00000000c6400000| Untracked 
| 101|0x00000000c6500000, 0x00000000c6500000, 0x00000000c6600000|  0%| F|  |TAMS 0x00000000c6500000, 0x00000000c6500000| Untracked 
| 102|0x00000000c6600000, 0x00000000c6600000, 0x00000000c6700000|  0%| F|  |TAMS 0x00000000c6600000, 0x00000000c6600000| Untracked 
| 103|0x00000000c6700000, 0x00000000c6700000, 0x00000000c6800000|  0%| F|  |TAMS 0x00000000c6700000, 0x00000000c6700000| Untracked 
| 104|0x00000000c6800000, 0x00000000c6800000, 0x00000000c6900000|  0%| F|  |TAMS 0x00000000c6800000, 0x00000000c6800000| Untracked 
| 105|0x00000000c6900000, 0x00000000c6900000, 0x00000000c6a00000|  0%| F|  |TAMS 0x00000000c6900000, 0x00000000c6900000| Untracked 
| 106|0x00000000c6a00000, 0x00000000c6affff0, 0x00000000c6b00000| 99%| O|  |TAMS 0x00000000c6affff0, 0x00000000c6a00000| Untracked 
| 107|0x00000000c6b00000, 0x00000000c6b00000, 0x00000000c6c00000|  0%| F|  |TAMS 0x00000000c6b00000, 0x00000000c6b00000| Untracked 
| 108|0x00000000c6c00000, 0x00000000c6c00000, 0x00000000c6d00000|  0%| F|  |TAMS 0x00000000c6c00000, 0x00000000c6c00000| Untracked 
| 109|0x00000000c6d00000, 0x00000000c6d00000, 0x00000000c6e00000|  0%| F|  |TAMS 0x00000000c6d00000, 0x00000000c6d00000| Untracked 
| 110|0x00000000c6e00000, 0x00000000c6e00000, 0x00000000c6f00000|  0%| F|  |TAMS 0x00000000c6e00000, 0x00000000c6e00000| Untracked 
| 111|0x00000000c6f00000, 0x00000000c6f00000, 0x00000000c7000000|  0%| F|  |TAMS 0x00000000c6f00000, 0x00000000c6f00000| Untracked 
| 112|0x00000000c7000000, 0x00000000c7000000, 0x00000000c7100000|  0%| F|  |TAMS 0x00000000c7000000, 0x00000000c7000000| Untracked 
| 113|0x00000000c7100000, 0x00000000c7100000, 0x00000000c7200000|  0%| F|  |TAMS 0x00000000c7100000, 0x00000000c7100000| Untracked 
| 114|0x00000000c7200000, 0x00000000c7200000, 0x00000000c7300000|  0%| F|  |TAMS 0x00000000c7200000, 0x00000000c7200000| Untracked 
| 115|0x00000000c7300000, 0x00000000c7300000, 0x00000000c7400000|  0%| F|  |TAMS 0x00000000c7300000, 0x00000000c7300000| Untracked 
| 116|0x00000000c7400000, 0x00000000c7400000, 0x00000000c7500000|  0%| F|  |TAMS 0x00000000c7400000, 0x00000000c7400000| Untracked 
| 117|0x00000000c7500000, 0x00000000c7500000, 0x00000000c7600000|  0%| F|  |TAMS 0x00000000c7500000, 0x00000000c7500000| Untracked 
| 118|0x00000000c7600000, 0x00000000c7600000, 0x00000000c7700000|  0%| F|  |TAMS 0x00000000c7600000, 0x00000000c7600000| Untracked 
| 119|0x00000000c7700000, 0x00000000c7700000, 0x00000000c7800000|  0%| F|  |TAMS 0x00000000c7700000, 0x00000000c7700000| Untracked 
| 120|0x00000000c7800000, 0x00000000c7800000, 0x00000000c7900000|  0%| F|  |TAMS 0x00000000c7800000, 0x00000000c7800000| Untracked 
| 121|0x00000000c7900000, 0x00000000c7900000, 0x00000000c7a00000|  0%| F|  |TAMS 0x00000000c7900000, 0x00000000c7900000| Untracked 
| 122|0x00000000c7a00000, 0x00000000c7a00000, 0x00000000c7b00000|  0%| F|  |TAMS 0x00000000c7a00000, 0x00000000c7a00000| Untracked 
| 123|0x00000000c7b00000, 0x00000000c7b00000, 0x00000000c7c00000|  0%| F|  |TAMS 0x00000000c7b00000, 0x00000000c7b00000| Untracked 
| 124|0x00000000c7c00000, 0x00000000c7c00000, 0x00000000c7d00000|  0%| F|  |TAMS 0x00000000c7c00000, 0x00000000c7c00000| Untracked 
| 125|0x00000000c7d00000, 0x00000000c7d00000, 0x00000000c7e00000|  0%| F|  |TAMS 0x00000000c7d00000, 0x00000000c7d00000| Untracked 
| 126|0x00000000c7e00000, 0x00000000c7e00000, 0x00000000c7f00000|  0%| F|  |TAMS 0x00000000c7e00000, 0x00000000c7e00000| Untracked 
| 127|0x00000000c7f00000, 0x00000000c7f00000, 0x00000000c8000000|  0%| F|  |TAMS 0x00000000c7f00000, 0x00000000c7f00000| Untracked 
| 128|0x00000000c8000000, 0x00000000c8000000, 0x00000000c8100000|  0%| F|  |TAMS 0x00000000c8000000, 0x00000000c8000000| Untracked 
| 129|0x00000000c8100000, 0x00000000c8100000, 0x00000000c8200000|  0%| F|  |TAMS 0x00000000c8100000, 0x00000000c8100000| Untracked 
| 130|0x00000000c8200000, 0x00000000c8200000, 0x00000000c8300000|  0%| F|  |TAMS 0x00000000c8200000, 0x00000000c8200000| Untracked 
| 131|0x00000000c8300000, 0x00000000c8300000, 0x00000000c8400000|  0%| F|  |TAMS 0x00000000c8300000, 0x00000000c8300000| Untracked 
| 132|0x00000000c8400000, 0x00000000c8400000, 0x00000000c8500000|  0%| F|  |TAMS 0x00000000c8400000, 0x00000000c8400000| Untracked 
| 133|0x00000000c8500000, 0x00000000c8600000, 0x00000000c8600000|100%|HS|  |TAMS 0x00000000c8600000, 0x00000000c8500000| Untracked 
| 134|0x00000000c8600000, 0x00000000c8600000, 0x00000000c8700000|  0%| F|  |TAMS 0x00000000c8600000, 0x00000000c8600000| Untracked 
| 135|0x00000000c8700000, 0x00000000c8700000, 0x00000000c8800000|  0%| F|  |TAMS 0x00000000c8700000, 0x00000000c8700000| Untracked 
| 136|0x00000000c8800000, 0x00000000c8800000, 0x00000000c8900000|  0%| F|  |TAMS 0x00000000c8800000, 0x00000000c8800000| Untracked 
| 137|0x00000000c8900000, 0x00000000c8900000, 0x00000000c8a00000|  0%| F|  |TAMS 0x00000000c8900000, 0x00000000c8900000| Untracked 
| 138|0x00000000c8a00000, 0x00000000c8a00000, 0x00000000c8b00000|  0%| F|  |TAMS 0x00000000c8a00000, 0x00000000c8a00000| Untracked 
| 139|0x00000000c8b00000, 0x00000000c8b00000, 0x00000000c8c00000|  0%| F|  |TAMS 0x00000000c8b00000, 0x00000000c8b00000| Untracked 
| 140|0x00000000c8c00000, 0x00000000c8c00000, 0x00000000c8d00000|  0%| F|  |TAMS 0x00000000c8c00000, 0x00000000c8c00000| Untracked 
| 141|0x00000000c8d00000, 0x00000000c8d00000, 0x00000000c8e00000|  0%| F|  |TAMS 0x00000000c8d00000, 0x00000000c8d00000| Untracked 
| 142|0x00000000c8e00000, 0x00000000c8e00000, 0x00000000c8f00000|  0%| F|  |TAMS 0x00000000c8e00000, 0x00000000c8e00000| Untracked 
| 143|0x00000000c8f00000, 0x00000000c8f00000, 0x00000000c9000000|  0%| F|  |TAMS 0x00000000c8f00000, 0x00000000c8f00000| Untracked 
| 144|0x00000000c9000000, 0x00000000c9000000, 0x00000000c9100000|  0%| F|  |TAMS 0x00000000c9000000, 0x00000000c9000000| Untracked 
| 145|0x00000000c9100000, 0x00000000c9100000, 0x00000000c9200000|  0%| F|  |TAMS 0x00000000c9100000, 0x00000000c9100000| Untracked 
| 146|0x00000000c9200000, 0x00000000c9200000, 0x00000000c9300000|  0%| F|  |TAMS 0x00000000c9200000, 0x00000000c9200000| Untracked 
| 147|0x00000000c9300000, 0x00000000c9300000, 0x00000000c9400000|  0%| F|  |TAMS 0x00000000c9300000, 0x00000000c9300000| Untracked 
| 148|0x00000000c9400000, 0x00000000c9400000, 0x00000000c9500000|  0%| F|  |TAMS 0x00000000c9400000, 0x00000000c9400000| Untracked 
| 149|0x00000000c9500000, 0x00000000c9500000, 0x00000000c9600000|  0%| F|  |TAMS 0x00000000c9500000, 0x00000000c9500000| Untracked 
| 150|0x00000000c9600000, 0x00000000c9600000, 0x00000000c9700000|  0%| F|  |TAMS 0x00000000c9600000, 0x00000000c9600000| Untracked 
| 151|0x00000000c9700000, 0x00000000c9700000, 0x00000000c9800000|  0%| F|  |TAMS 0x00000000c9700000, 0x00000000c9700000| Untracked 
| 152|0x00000000c9800000, 0x00000000c9800000, 0x00000000c9900000|  0%| F|  |TAMS 0x00000000c9800000, 0x00000000c9800000| Untracked 
| 153|0x00000000c9900000, 0x00000000c9900000, 0x00000000c9a00000|  0%| F|  |TAMS 0x00000000c9900000, 0x00000000c9900000| Untracked 
| 154|0x00000000c9a00000, 0x00000000c9a00000, 0x00000000c9b00000|  0%| F|  |TAMS 0x00000000c9a00000, 0x00000000c9a00000| Untracked 
| 155|0x00000000c9b00000, 0x00000000c9b00000, 0x00000000c9c00000|  0%| F|  |TAMS 0x00000000c9b00000, 0x00000000c9b00000| Untracked 
| 156|0x00000000c9c00000, 0x00000000c9c00000, 0x00000000c9d00000|  0%| F|  |TAMS 0x00000000c9c00000, 0x00000000c9c00000| Untracked 
| 157|0x00000000c9d00000, 0x00000000c9d00000, 0x00000000c9e00000|  0%| F|  |TAMS 0x00000000c9d00000, 0x00000000c9d00000| Untracked 
| 158|0x00000000c9e00000, 0x00000000c9e00000, 0x00000000c9f00000|  0%| F|  |TAMS 0x00000000c9e00000, 0x00000000c9e00000| Untracked 
| 159|0x00000000c9f00000, 0x00000000c9f00000, 0x00000000ca000000|  0%| F|  |TAMS 0x00000000c9f00000, 0x00000000c9f00000| Untracked 
| 160|0x00000000ca000000, 0x00000000ca000000, 0x00000000ca100000|  0%| F|  |TAMS 0x00000000ca000000, 0x00000000ca000000| Untracked 
| 161|0x00000000ca100000, 0x00000000ca100000, 0x00000000ca200000|  0%| F|  |TAMS 0x00000000ca100000, 0x00000000ca100000| Untracked 
| 162|0x00000000ca200000, 0x00000000ca300000, 0x00000000ca300000|100%|HS|  |TAMS 0x00000000ca300000, 0x00000000ca200000| Untracked 
| 163|0x00000000ca300000, 0x00000000ca400000, 0x00000000ca400000|100%|HC|  |TAMS 0x00000000ca400000, 0x00000000ca300000| Untracked 
| 164|0x00000000ca400000, 0x00000000ca400000, 0x00000000ca500000|  0%| F|  |TAMS 0x00000000ca400000, 0x00000000ca400000| Untracked 
| 165|0x00000000ca500000, 0x00000000ca600000, 0x00000000ca600000|100%| O|  |TAMS 0x00000000ca600000, 0x00000000ca500000| Untracked 
| 166|0x00000000ca600000, 0x00000000ca700000, 0x00000000ca700000|100%| O|  |TAMS 0x00000000ca700000, 0x00000000ca600000| Untracked 
| 167|0x00000000ca700000, 0x00000000ca800000, 0x00000000ca800000|100%| O|  |TAMS 0x00000000ca800000, 0x00000000ca700000| Untracked 
| 168|0x00000000ca800000, 0x00000000ca900000, 0x00000000ca900000|100%| O|  |TAMS 0x00000000ca900000, 0x00000000ca800000| Untracked 
| 169|0x00000000ca900000, 0x00000000ca900000, 0x00000000caa00000|  0%| F|  |TAMS 0x00000000ca900000, 0x00000000ca900000| Untracked 
| 170|0x00000000caa00000, 0x00000000caa00000, 0x00000000cab00000|  0%| F|  |TAMS 0x00000000caa00000, 0x00000000caa00000| Untracked 
| 171|0x00000000cab00000, 0x00000000cab00000, 0x00000000cac00000|  0%| F|  |TAMS 0x00000000cab00000, 0x00000000cab00000| Untracked 
| 172|0x00000000cac00000, 0x00000000cac00000, 0x00000000cad00000|  0%| F|  |TAMS 0x00000000cac00000, 0x00000000cac00000| Untracked 
| 173|0x00000000cad00000, 0x00000000cad00000, 0x00000000cae00000|  0%| F|  |TAMS 0x00000000cad00000, 0x00000000cad00000| Untracked 
| 174|0x00000000cae00000, 0x00000000cae00000, 0x00000000caf00000|  0%| F|  |TAMS 0x00000000cae00000, 0x00000000cae00000| Untracked 
| 175|0x00000000caf00000, 0x00000000caf00000, 0x00000000cb000000|  0%| F|  |TAMS 0x00000000caf00000, 0x00000000caf00000| Untracked 
| 176|0x00000000cb000000, 0x00000000cb000000, 0x00000000cb100000|  0%| F|  |TAMS 0x00000000cb000000, 0x00000000cb000000| Untracked 
| 177|0x00000000cb100000, 0x00000000cb100000, 0x00000000cb200000|  0%| F|  |TAMS 0x00000000cb100000, 0x00000000cb100000| Untracked 
| 178|0x00000000cb200000, 0x00000000cb200000, 0x00000000cb300000|  0%| F|  |TAMS 0x00000000cb200000, 0x00000000cb200000| Untracked 
| 179|0x00000000cb300000, 0x00000000cb300000, 0x00000000cb400000|  0%| F|  |TAMS 0x00000000cb300000, 0x00000000cb300000| Untracked 
| 180|0x00000000cb400000, 0x00000000cb400000, 0x00000000cb500000|  0%| F|  |TAMS 0x00000000cb400000, 0x00000000cb400000| Untracked 
| 181|0x00000000cb500000, 0x00000000cb500000, 0x00000000cb600000|  0%| F|  |TAMS 0x00000000cb500000, 0x00000000cb500000| Untracked 
| 182|0x00000000cb600000, 0x00000000cb600000, 0x00000000cb700000|  0%| F|  |TAMS 0x00000000cb600000, 0x00000000cb600000| Untracked 
| 183|0x00000000cb700000, 0x00000000cb700000, 0x00000000cb800000|  0%| F|  |TAMS 0x00000000cb700000, 0x00000000cb700000| Untracked 
| 184|0x00000000cb800000, 0x00000000cb800000, 0x00000000cb900000|  0%| F|  |TAMS 0x00000000cb800000, 0x00000000cb800000| Untracked 
| 185|0x00000000cb900000, 0x00000000cb900000, 0x00000000cba00000|  0%| F|  |TAMS 0x00000000cb900000, 0x00000000cb900000| Untracked 
| 186|0x00000000cba00000, 0x00000000cba00000, 0x00000000cbb00000|  0%| F|  |TAMS 0x00000000cba00000, 0x00000000cba00000| Untracked 
| 187|0x00000000cbb00000, 0x00000000cbb00000, 0x00000000cbc00000|  0%| F|  |TAMS 0x00000000cbb00000, 0x00000000cbb00000| Untracked 
| 188|0x00000000cbc00000, 0x00000000cbc00000, 0x00000000cbd00000|  0%| F|  |TAMS 0x00000000cbc00000, 0x00000000cbc00000| Untracked 
| 189|0x00000000cbd00000, 0x00000000cbd00000, 0x00000000cbe00000|  0%| F|  |TAMS 0x00000000cbd00000, 0x00000000cbd00000| Untracked 
| 190|0x00000000cbe00000, 0x00000000cbe00000, 0x00000000cbf00000|  0%| F|  |TAMS 0x00000000cbe00000, 0x00000000cbe00000| Untracked 
| 191|0x00000000cbf00000, 0x00000000cbf00000, 0x00000000cc000000|  0%| F|  |TAMS 0x00000000cbf00000, 0x00000000cbf00000| Untracked 
| 192|0x00000000cc000000, 0x00000000cc000000, 0x00000000cc100000|  0%| F|  |TAMS 0x00000000cc000000, 0x00000000cc000000| Untracked 
| 193|0x00000000cc100000, 0x00000000cc100000, 0x00000000cc200000|  0%| F|  |TAMS 0x00000000cc100000, 0x00000000cc100000| Untracked 
| 194|0x00000000cc200000, 0x00000000cc200000, 0x00000000cc300000|  0%| F|  |TAMS 0x00000000cc200000, 0x00000000cc200000| Untracked 
| 195|0x00000000cc300000, 0x00000000cc300000, 0x00000000cc400000|  0%| F|  |TAMS 0x00000000cc300000, 0x00000000cc300000| Untracked 
| 196|0x00000000cc400000, 0x00000000cc400000, 0x00000000cc500000|  0%| F|  |TAMS 0x00000000cc400000, 0x00000000cc400000| Untracked 
| 197|0x00000000cc500000, 0x00000000cc500000, 0x00000000cc600000|  0%| F|  |TAMS 0x00000000cc500000, 0x00000000cc500000| Untracked 
| 198|0x00000000cc600000, 0x00000000cc600000, 0x00000000cc700000|  0%| F|  |TAMS 0x00000000cc600000, 0x00000000cc600000| Untracked 
| 199|0x00000000cc700000, 0x00000000cc700000, 0x00000000cc800000|  0%| F|  |TAMS 0x00000000cc700000, 0x00000000cc700000| Untracked 
| 200|0x00000000cc800000, 0x00000000cc800000, 0x00000000cc900000|  0%| F|  |TAMS 0x00000000cc800000, 0x00000000cc800000| Untracked 
| 201|0x00000000cc900000, 0x00000000cc900000, 0x00000000cca00000|  0%| F|  |TAMS 0x00000000cc900000, 0x00000000cc900000| Untracked 
| 202|0x00000000cca00000, 0x00000000cca00000, 0x00000000ccb00000|  0%| F|  |TAMS 0x00000000cca00000, 0x00000000cca00000| Untracked 
| 203|0x00000000ccb00000, 0x00000000ccb00000, 0x00000000ccc00000|  0%| F|  |TAMS 0x00000000ccb00000, 0x00000000ccb00000| Untracked 
| 204|0x00000000ccc00000, 0x00000000ccc00000, 0x00000000ccd00000|  0%| F|  |TAMS 0x00000000ccc00000, 0x00000000ccc00000| Untracked 
| 205|0x00000000ccd00000, 0x00000000ccd00000, 0x00000000cce00000|  0%| F|  |TAMS 0x00000000ccd00000, 0x00000000ccd00000| Untracked 
| 206|0x00000000cce00000, 0x00000000cce00000, 0x00000000ccf00000|  0%| F|  |TAMS 0x00000000cce00000, 0x00000000cce00000| Untracked 
| 207|0x00000000ccf00000, 0x00000000ccf00000, 0x00000000cd000000|  0%| F|  |TAMS 0x00000000ccf00000, 0x00000000ccf00000| Untracked 
| 208|0x00000000cd000000, 0x00000000cd000000, 0x00000000cd100000|  0%| F|  |TAMS 0x00000000cd000000, 0x00000000cd000000| Untracked 
| 209|0x00000000cd100000, 0x00000000cd100000, 0x00000000cd200000|  0%| F|  |TAMS 0x00000000cd100000, 0x00000000cd100000| Untracked 
| 210|0x00000000cd200000, 0x00000000cd200000, 0x00000000cd300000|  0%| F|  |TAMS 0x00000000cd200000, 0x00000000cd200000| Untracked 
| 211|0x00000000cd300000, 0x00000000cd300000, 0x00000000cd400000|  0%| F|  |TAMS 0x00000000cd300000, 0x00000000cd300000| Untracked 
| 212|0x00000000cd400000, 0x00000000cd400000, 0x00000000cd500000|  0%| F|  |TAMS 0x00000000cd400000, 0x00000000cd400000| Untracked 
| 213|0x00000000cd500000, 0x00000000cd500000, 0x00000000cd600000|  0%| F|  |TAMS 0x00000000cd500000, 0x00000000cd500000| Untracked 
| 214|0x00000000cd600000, 0x00000000cd600000, 0x00000000cd700000|  0%| F|  |TAMS 0x00000000cd600000, 0x00000000cd600000| Untracked 
| 215|0x00000000cd700000, 0x00000000cd700000, 0x00000000cd800000|  0%| F|  |TAMS 0x00000000cd700000, 0x00000000cd700000| Untracked 
| 216|0x00000000cd800000, 0x00000000cd800000, 0x00000000cd900000|  0%| F|  |TAMS 0x00000000cd800000, 0x00000000cd800000| Untracked 
| 217|0x00000000cd900000, 0x00000000cd900000, 0x00000000cda00000|  0%| F|  |TAMS 0x00000000cd900000, 0x00000000cd900000| Untracked 
| 218|0x00000000cda00000, 0x00000000cda00000, 0x00000000cdb00000|  0%| F|  |TAMS 0x00000000cda00000, 0x00000000cda00000| Untracked 
| 219|0x00000000cdb00000, 0x00000000cdb00000, 0x00000000cdc00000|  0%| F|  |TAMS 0x00000000cdb00000, 0x00000000cdb00000| Untracked 
| 220|0x00000000cdc00000, 0x00000000cdc00000, 0x00000000cdd00000|  0%| F|  |TAMS 0x00000000cdc00000, 0x00000000cdc00000| Untracked 
| 221|0x00000000cdd00000, 0x00000000cdd00000, 0x00000000cde00000|  0%| F|  |TAMS 0x00000000cdd00000, 0x00000000cdd00000| Untracked 
| 222|0x00000000cde00000, 0x00000000cde00000, 0x00000000cdf00000|  0%| F|  |TAMS 0x00000000cde00000, 0x00000000cde00000| Untracked 
| 223|0x00000000cdf00000, 0x00000000cdf00000, 0x00000000ce000000|  0%| F|  |TAMS 0x00000000cdf00000, 0x00000000cdf00000| Untracked 
| 224|0x00000000ce000000, 0x00000000ce000000, 0x00000000ce100000|  0%| F|  |TAMS 0x00000000ce000000, 0x00000000ce000000| Untracked 
| 225|0x00000000ce100000, 0x00000000ce100000, 0x00000000ce200000|  0%| F|  |TAMS 0x00000000ce100000, 0x00000000ce100000| Untracked 
| 226|0x00000000ce200000, 0x00000000ce200000, 0x00000000ce300000|  0%| F|  |TAMS 0x00000000ce200000, 0x00000000ce200000| Untracked 
| 227|0x00000000ce300000, 0x00000000ce300000, 0x00000000ce400000|  0%| F|  |TAMS 0x00000000ce300000, 0x00000000ce300000| Untracked 
| 228|0x00000000ce400000, 0x00000000ce400000, 0x00000000ce500000|  0%| F|  |TAMS 0x00000000ce400000, 0x00000000ce400000| Untracked 
| 229|0x00000000ce500000, 0x00000000ce500000, 0x00000000ce600000|  0%| F|  |TAMS 0x00000000ce500000, 0x00000000ce500000| Untracked 
| 230|0x00000000ce600000, 0x00000000ce600000, 0x00000000ce700000|  0%| F|  |TAMS 0x00000000ce600000, 0x00000000ce600000| Untracked 
| 231|0x00000000ce700000, 0x00000000ce700000, 0x00000000ce800000|  0%| F|  |TAMS 0x00000000ce700000, 0x00000000ce700000| Untracked 
| 232|0x00000000ce800000, 0x00000000ce800000, 0x00000000ce900000|  0%| F|  |TAMS 0x00000000ce800000, 0x00000000ce800000| Untracked 
| 233|0x00000000ce900000, 0x00000000ce900000, 0x00000000cea00000|  0%| F|  |TAMS 0x00000000ce900000, 0x00000000ce900000| Untracked 
| 234|0x00000000cea00000, 0x00000000cea00000, 0x00000000ceb00000|  0%| F|  |TAMS 0x00000000cea00000, 0x00000000cea00000| Untracked 
| 235|0x00000000ceb00000, 0x00000000ceb00000, 0x00000000cec00000|  0%| F|  |TAMS 0x00000000ceb00000, 0x00000000ceb00000| Untracked 
| 236|0x00000000cec00000, 0x00000000cec00000, 0x00000000ced00000|  0%| F|  |TAMS 0x00000000cec00000, 0x00000000cec00000| Untracked 
| 237|0x00000000ced00000, 0x00000000ced00000, 0x00000000cee00000|  0%| F|  |TAMS 0x00000000ced00000, 0x00000000ced00000| Untracked 
| 238|0x00000000cee00000, 0x00000000cee00000, 0x00000000cef00000|  0%| F|  |TAMS 0x00000000cee00000, 0x00000000cee00000| Untracked 
| 239|0x00000000cef00000, 0x00000000cef00000, 0x00000000cf000000|  0%| F|  |TAMS 0x00000000cef00000, 0x00000000cef00000| Untracked 
| 240|0x00000000cf000000, 0x00000000cf000000, 0x00000000cf100000|  0%| F|  |TAMS 0x00000000cf000000, 0x00000000cf000000| Untracked 
| 241|0x00000000cf100000, 0x00000000cf100000, 0x00000000cf200000|  0%| F|  |TAMS 0x00000000cf100000, 0x00000000cf100000| Untracked 
| 242|0x00000000cf200000, 0x00000000cf200000, 0x00000000cf300000|  0%| F|  |TAMS 0x00000000cf200000, 0x00000000cf200000| Untracked 
| 243|0x00000000cf300000, 0x00000000cf300000, 0x00000000cf400000|  0%| F|  |TAMS 0x00000000cf300000, 0x00000000cf300000| Untracked 
| 244|0x00000000cf400000, 0x00000000cf400000, 0x00000000cf500000|  0%| F|  |TAMS 0x00000000cf400000, 0x00000000cf400000| Untracked 
| 245|0x00000000cf500000, 0x00000000cf500000, 0x00000000cf600000|  0%| F|  |TAMS 0x00000000cf500000, 0x00000000cf500000| Untracked 
| 246|0x00000000cf600000, 0x00000000cf600000, 0x00000000cf700000|  0%| F|  |TAMS 0x00000000cf600000, 0x00000000cf600000| Untracked 
| 247|0x00000000cf700000, 0x00000000cf700000, 0x00000000cf800000|  0%| F|  |TAMS 0x00000000cf700000, 0x00000000cf700000| Untracked 
| 248|0x00000000cf800000, 0x00000000cf800000, 0x00000000cf900000|  0%| F|  |TAMS 0x00000000cf800000, 0x00000000cf800000| Untracked 
| 249|0x00000000cf900000, 0x00000000cf900000, 0x00000000cfa00000|  0%| F|  |TAMS 0x00000000cf900000, 0x00000000cf900000| Untracked 
| 250|0x00000000cfa00000, 0x00000000cfa00000, 0x00000000cfb00000|  0%| F|  |TAMS 0x00000000cfa00000, 0x00000000cfa00000| Untracked 
| 251|0x00000000cfb00000, 0x00000000cfb00000, 0x00000000cfc00000|  0%| F|  |TAMS 0x00000000cfb00000, 0x00000000cfb00000| Untracked 
| 252|0x00000000cfc00000, 0x00000000cfc00000, 0x00000000cfd00000|  0%| F|  |TAMS 0x00000000cfc00000, 0x00000000cfc00000| Untracked 
| 253|0x00000000cfd00000, 0x00000000cfd00000, 0x00000000cfe00000|  0%| F|  |TAMS 0x00000000cfd00000, 0x00000000cfd00000| Untracked 
| 254|0x00000000cfe00000, 0x00000000cfe00000, 0x00000000cff00000|  0%| F|  |TAMS 0x00000000cfe00000, 0x00000000cfe00000| Untracked 
| 255|0x00000000cff00000, 0x00000000cff00000, 0x00000000d0000000|  0%| F|  |TAMS 0x00000000cff00000, 0x00000000cff00000| Untracked 
| 256|0x00000000d0000000, 0x00000000d0000000, 0x00000000d0100000|  0%| F|  |TAMS 0x00000000d0000000, 0x00000000d0000000| Untracked 
| 257|0x00000000d0100000, 0x00000000d0100000, 0x00000000d0200000|  0%| F|  |TAMS 0x00000000d0100000, 0x00000000d0100000| Untracked 
| 258|0x00000000d0200000, 0x00000000d0200000, 0x00000000d0300000|  0%| F|  |TAMS 0x00000000d0200000, 0x00000000d0200000| Untracked 
| 259|0x00000000d0300000, 0x00000000d0300000, 0x00000000d0400000|  0%| F|  |TAMS 0x00000000d0300000, 0x00000000d0300000| Untracked 
| 260|0x00000000d0400000, 0x00000000d0400000, 0x00000000d0500000|  0%| F|  |TAMS 0x00000000d0400000, 0x00000000d0400000| Untracked 
| 261|0x00000000d0500000, 0x00000000d0500000, 0x00000000d0600000|  0%| F|  |TAMS 0x00000000d0500000, 0x00000000d0500000| Untracked 
| 262|0x00000000d0600000, 0x00000000d0600000, 0x00000000d0700000|  0%| F|  |TAMS 0x00000000d0600000, 0x00000000d0600000| Untracked 
| 263|0x00000000d0700000, 0x00000000d0700000, 0x00000000d0800000|  0%| F|  |TAMS 0x00000000d0700000, 0x00000000d0700000| Untracked 
| 264|0x00000000d0800000, 0x00000000d0800000, 0x00000000d0900000|  0%| F|  |TAMS 0x00000000d0800000, 0x00000000d0800000| Untracked 
| 265|0x00000000d0900000, 0x00000000d0900000, 0x00000000d0a00000|  0%| F|  |TAMS 0x00000000d0900000, 0x00000000d0900000| Untracked 
| 266|0x00000000d0a00000, 0x00000000d0a00000, 0x00000000d0b00000|  0%| F|  |TAMS 0x00000000d0a00000, 0x00000000d0a00000| Untracked 
| 267|0x00000000d0b00000, 0x00000000d0b00000, 0x00000000d0c00000|  0%| F|  |TAMS 0x00000000d0b00000, 0x00000000d0b00000| Untracked 
| 268|0x00000000d0c00000, 0x00000000d0c00000, 0x00000000d0d00000|  0%| F|  |TAMS 0x00000000d0c00000, 0x00000000d0c00000| Untracked 
| 269|0x00000000d0d00000, 0x00000000d0d00000, 0x00000000d0e00000|  0%| F|  |TAMS 0x00000000d0d00000, 0x00000000d0d00000| Untracked 
| 270|0x00000000d0e00000, 0x00000000d0e00000, 0x00000000d0f00000|  0%| F|  |TAMS 0x00000000d0e00000, 0x00000000d0e00000| Untracked 
| 271|0x00000000d0f00000, 0x00000000d0f00000, 0x00000000d1000000|  0%| F|  |TAMS 0x00000000d0f00000, 0x00000000d0f00000| Untracked 
| 272|0x00000000d1000000, 0x00000000d1000000, 0x00000000d1100000|  0%| F|  |TAMS 0x00000000d1000000, 0x00000000d1000000| Untracked 
| 273|0x00000000d1100000, 0x00000000d1100000, 0x00000000d1200000|  0%| F|  |TAMS 0x00000000d1100000, 0x00000000d1100000| Untracked 
| 274|0x00000000d1200000, 0x00000000d1200000, 0x00000000d1300000|  0%| F|  |TAMS 0x00000000d1200000, 0x00000000d1200000| Untracked 
| 275|0x00000000d1300000, 0x00000000d1300000, 0x00000000d1400000|  0%| F|  |TAMS 0x00000000d1300000, 0x00000000d1300000| Untracked 
| 276|0x00000000d1400000, 0x00000000d1400000, 0x00000000d1500000|  0%| F|  |TAMS 0x00000000d1400000, 0x00000000d1400000| Untracked 
| 277|0x00000000d1500000, 0x00000000d1500000, 0x00000000d1600000|  0%| F|  |TAMS 0x00000000d1500000, 0x00000000d1500000| Untracked 
| 278|0x00000000d1600000, 0x00000000d1600000, 0x00000000d1700000|  0%| F|  |TAMS 0x00000000d1600000, 0x00000000d1600000| Untracked 
| 279|0x00000000d1700000, 0x00000000d1800000, 0x00000000d1800000|100%| E|  |TAMS 0x00000000d1700000, 0x00000000d1700000| Complete 

Card table byte_map: [0x0000021f64b40000,0x0000021f64d40000] _byte_map_base: 0x0000021f64540000

Marking Bits (Prev, Next): (CMBitMap*) 0x0000021f59d93020, (CMBitMap*) 0x0000021f59d92fe0
 Prev Bits: [0x0000021f65f40000, 0x0000021f66f40000)
 Next Bits: [0x0000021f64f40000, 0x0000021f65f40000)

Polling page: 0x0000021f57b40000

Metaspace:

Usage:
  Non-class:     58.47 MB used.
      Class:      9.34 MB used.
       Both:     67.81 MB used.

Virtual space:
  Non-class space:       64.00 MB reserved,      59.12 MB ( 92%) committed,  1 nodes.
      Class space:        1.00 GB reserved,       9.69 MB ( <1%) committed,  1 nodes.
             Both:        1.06 GB reserved,      68.81 MB (  6%) committed. 

Chunk freelists:
   Non-Class:  4.84 MB
       Class:  6.31 MB
        Both:  11.16 MB

MaxMetaspaceSize: unlimited
CompressedClassSpaceSize: 1.00 GB
Initial GC threshold: 21.00 MB
Current GC threshold: 114.69 MB
CDS: on
MetaspaceReclaimPolicy: balanced
 - commit_granule_bytes: 65536.
 - commit_granule_words: 8192.
 - virtual_space_node_default_size: 8388608.
 - enlarge_chunks_in_place: 1.
 - new_chunks_are_fully_committed: 0.
 - uncommit_free_chunks: 1.
 - use_allocation_guard: 0.
 - handle_deallocations: 1.


Internal statistics:

num_allocs_failed_limit: 9.
num_arena_births: 1166.
num_arena_deaths: 630.
num_vsnodes_births: 2.
num_vsnodes_deaths: 0.
num_space_committed: 1101.
num_space_uncommitted: 0.
num_chunks_returned_to_freelist: 863.
num_chunks_taken_from_freelist: 3989.
num_chunk_merges: 165.
num_chunk_splits: 2387.
num_chunks_enlarged: 1641.
num_inconsistent_stats: 0.

CodeCache: size=49152Kb used=19518Kb max_used=20396Kb free=29633Kb
 bounds [0x0000021f61830000, 0x0000021f62c20000, 0x0000021f64830000]
 total_blobs=11445 nmethods=10747 adapters=625
 compilation: enabled
              stopped_count=0, restarted_count=0
 full_count=0

Compilation events (20 events):
Event: 15779.430 Thread 0x0000021f6995f000 10920   !   1       java.io.ObjectOutputStream::writeSerialData (223 bytes)
Event: 15779.434 Thread 0x0000021f6995f000 nmethod 10920 0x0000021f62b62c90 code [0x0000021f62b62ec0, 0x0000021f62b63788]
Event: 15779.434 Thread 0x0000021f6995f000 10919       1       java.io.ObjectStreamClass::checkSerialize (20 bytes)
Event: 15779.435 Thread 0x0000021f6995f000 nmethod 10919 0x0000021f62b62710 code [0x0000021f62b628c0, 0x0000021f62b62af8]
Event: 15779.464 Thread 0x0000021f6995f000 10921       1       java.io.ObjectInputStream$FilterValues::arrayLength (5 bytes)
Event: 15779.464 Thread 0x0000021f6995f000 nmethod 10921 0x0000021f62b62410 code [0x0000021f62b625a0, 0x0000021f62b62678]
Event: 16079.376 Thread 0x0000021f6995f000 10922       1       jdk.internal.reflect.MethodAccessorGenerator::generate (762 bytes)
Event: 16079.427 Thread 0x0000021f6995f000 nmethod 10922 0x0000021f62b5b790 code [0x0000021f62b5c0c0, 0x0000021f62b5fb48]
Event: 16079.427 Thread 0x0000021f6995f000 10925       1       jdk.internal.reflect.MethodAccessorGenerator::numNonPrimitiveParameterTypes (36 bytes)
Event: 16079.427 Thread 0x0000021f6995f000 nmethod 10925 0x0000021f62b5b410 code [0x0000021f62b5b5a0, 0x0000021f62b5b6d8]
Event: 16079.427 Thread 0x0000021f6995f000 10927       1       jdk.internal.reflect.MethodAccessorGenerator::buildInternalSignature (73 bytes)
Event: 16079.427 Thread 0x0000021f6995f000 nmethod 10927 0x0000021f62b5ab90 code [0x0000021f62b5ada0, 0x0000021f62b5b1a8]
Event: 16079.427 Thread 0x0000021f6995f000 10924       1       jdk.internal.reflect.MethodAccessorGenerator::usesPrimitiveTypes (45 bytes)
Event: 16079.428 Thread 0x0000021f6995f000 nmethod 10924 0x0000021f62b5a710 code [0x0000021f62b5a8c0, 0x0000021f62b5aa78]
Event: 16079.428 Thread 0x0000021f6995f000 10923       1       jdk.internal.reflect.ClassFileAssembler::emitMagicAndVersion (18 bytes)
Event: 16079.428 Thread 0x0000021f6995f000 nmethod 10923 0x0000021f62b5a090 code [0x0000021f62b5a260, 0x0000021f62b5a4e8]
Event: 16079.428 Thread 0x0000021f6995f000 10926  s    1       jdk.internal.reflect.MethodAccessorGenerator::generateName (101 bytes)
Event: 16079.430 Thread 0x0000021f6995f000 nmethod 10926 0x0000021f62b59110 code [0x0000021f62b593a0, 0x0000021f62b59d28]
Event: 16079.430 Thread 0x0000021f6995f000 10928       1       jdk.internal.reflect.AccessorGenerator::emitCommonConstantPoolEntries (573 bytes)
Event: 16079.433 Thread 0x0000021f6995f000 nmethod 10928 0x0000021f62b52210 code [0x0000021f62b52b80, 0x0000021f62b56798]

GC Heap History (20 events):
Event: 16777.248 GC heap before
{Heap before GC invocations=1359 (full 1274):
 garbage-first heap   total 286720K, used 88288K [0x00000000c0000000, 0x0000000100000000)
  region size 1024K, 2 young (2048K), 0 survivors (0K)
 Metaspace       used 69438K, committed 70464K, reserved 1114112K
  class space    used 9560K, committed 9920K, reserved 1048576K
}
Event: 16777.288 GC heap after
{Heap after GC invocations=1360 (full 1275):
 garbage-first heap   total 286720K, used 87264K [0x00000000c0000000, 0x0000000100000000)
  region size 1024K, 0 young (0K), 0 survivors (0K)
 Metaspace       used 69438K, committed 70464K, reserved 1114112K
  class space    used 9560K, committed 9920K, reserved 1048576K
}
Event: 16787.444 GC heap before
{Heap before GC invocations=1360 (full 1275):
 garbage-first heap   total 286720K, used 87264K [0x00000000c0000000, 0x0000000100000000)
  region size 1024K, 1 young (1024K), 0 survivors (0K)
 Metaspace       used 69438K, committed 70464K, reserved 1114112K
  class space    used 9560K, committed 9920K, reserved 1048576K
}
Event: 16787.484 GC heap after
{Heap after GC invocations=1361 (full 1276):
 garbage-first heap   total 286720K, used 87264K [0x00000000c0000000, 0x0000000100000000)
  region size 1024K, 0 young (0K), 0 survivors (0K)
 Metaspace       used 69438K, committed 70464K, reserved 1114112K
  class space    used 9560K, committed 9920K, reserved 1048576K
}
Event: 16797.626 GC heap before
{Heap before GC invocations=1361 (full 1276):
 garbage-first heap   total 286720K, used 87264K [0x00000000c0000000, 0x0000000100000000)
  region size 1024K, 1 young (1024K), 0 survivors (0K)
 Metaspace       used 69438K, committed 70464K, reserved 1114112K
  class space    used 9560K, committed 9920K, reserved 1048576K
}
Event: 16797.669 GC heap after
{Heap after GC invocations=1362 (full 1277):
 garbage-first heap   total 286720K, used 87264K [0x00000000c0000000, 0x0000000100000000)
  region size 1024K, 0 young (0K), 0 survivors (0K)
 Metaspace       used 69438K, committed 70464K, reserved 1114112K
  class space    used 9560K, committed 9920K, reserved 1048576K
}
Event: 16807.807 GC heap before
{Heap before GC invocations=1362 (full 1277):
 garbage-first heap   total 286720K, used 88288K [0x00000000c0000000, 0x0000000100000000)
  region size 1024K, 2 young (2048K), 0 survivors (0K)
 Metaspace       used 69438K, committed 70464K, reserved 1114112K
  class space    used 9560K, committed 9920K, reserved 1048576K
}
Event: 16807.847 GC heap after
{Heap after GC invocations=1363 (full 1278):
 garbage-first heap   total 286720K, used 87264K [0x00000000c0000000, 0x0000000100000000)
  region size 1024K, 0 young (0K), 0 survivors (0K)
 Metaspace       used 69438K, committed 70464K, reserved 1114112K
  class space    used 9560K, committed 9920K, reserved 1048576K
}
Event: 16817.989 GC heap before
{Heap before GC invocations=1363 (full 1278):
 garbage-first heap   total 286720K, used 87264K [0x00000000c0000000, 0x0000000100000000)
  region size 1024K, 1 young (1024K), 0 survivors (0K)
 Metaspace       used 69438K, committed 70464K, reserved 1114112K
  class space    used 9560K, committed 9920K, reserved 1048576K
}
Event: 16818.029 GC heap after
{Heap after GC invocations=1364 (full 1279):
 garbage-first heap   total 286720K, used 87264K [0x00000000c0000000, 0x0000000100000000)
  region size 1024K, 0 young (0K), 0 survivors (0K)
 Metaspace       used 69438K, committed 70464K, reserved 1114112K
  class space    used 9560K, committed 9920K, reserved 1048576K
}
Event: 16828.162 GC heap before
{Heap before GC invocations=1364 (full 1279):
 garbage-first heap   total 286720K, used 87264K [0x00000000c0000000, 0x0000000100000000)
  region size 1024K, 1 young (1024K), 0 survivors (0K)
 Metaspace       used 69438K, committed 70464K, reserved 1114112K
  class space    used 9560K, committed 9920K, reserved 1048576K
}
Event: 16828.207 GC heap after
{Heap after GC invocations=1365 (full 1280):
 garbage-first heap   total 286720K, used 87264K [0x00000000c0000000, 0x0000000100000000)
  region size 1024K, 0 young (0K), 0 survivors (0K)
 Metaspace       used 69438K, committed 70464K, reserved 1114112K
  class space    used 9560K, committed 9920K, reserved 1048576K
}
Event: 16838.340 GC heap before
{Heap before GC invocations=1365 (full 1280):
 garbage-first heap   total 286720K, used 88288K [0x00000000c0000000, 0x0000000100000000)
  region size 1024K, 2 young (2048K), 0 survivors (0K)
 Metaspace       used 69438K, committed 70464K, reserved 1114112K
  class space    used 9560K, committed 9920K, reserved 1048576K
}
Event: 16838.381 GC heap after
{Heap after GC invocations=1366 (full 1281):
 garbage-first heap   total 286720K, used 87264K [0x00000000c0000000, 0x0000000100000000)
  region size 1024K, 0 young (0K), 0 survivors (0K)
 Metaspace       used 69438K, committed 70464K, reserved 1114112K
  class space    used 9560K, committed 9920K, reserved 1048576K
}
Event: 16848.524 GC heap before
{Heap before GC invocations=1366 (full 1281):
 garbage-first heap   total 286720K, used 87264K [0x00000000c0000000, 0x0000000100000000)
  region size 1024K, 1 young (1024K), 0 survivors (0K)
 Metaspace       used 69438K, committed 70464K, reserved 1114112K
  class space    used 9560K, committed 9920K, reserved 1048576K
}
Event: 16848.567 GC heap after
{Heap after GC invocations=1367 (full 1282):
 garbage-first heap   total 286720K, used 87264K [0x00000000c0000000, 0x0000000100000000)
  region size 1024K, 0 young (0K), 0 survivors (0K)
 Metaspace       used 69438K, committed 70464K, reserved 1114112K
  class space    used 9560K, committed 9920K, reserved 1048576K
}
Event: 16858.713 GC heap before
{Heap before GC invocations=1367 (full 1282):
 garbage-first heap   total 286720K, used 87264K [0x00000000c0000000, 0x0000000100000000)
  region size 1024K, 1 young (1024K), 0 survivors (0K)
 Metaspace       used 69438K, committed 70464K, reserved 1114112K
  class space    used 9560K, committed 9920K, reserved 1048576K
}
Event: 16858.751 GC heap after
{Heap after GC invocations=1368 (full 1283):
 garbage-first heap   total 286720K, used 87264K [0x00000000c0000000, 0x0000000100000000)
  region size 1024K, 0 young (0K), 0 survivors (0K)
 Metaspace       used 69438K, committed 70464K, reserved 1114112K
  class space    used 9560K, committed 9920K, reserved 1048576K
}
Event: 16868.917 GC heap before
{Heap before GC invocations=1368 (full 1283):
 garbage-first heap   total 286720K, used 88288K [0x00000000c0000000, 0x0000000100000000)
  region size 1024K, 2 young (2048K), 0 survivors (0K)
 Metaspace       used 69438K, committed 70464K, reserved 1114112K
  class space    used 9560K, committed 9920K, reserved 1048576K
}
Event: 16868.959 GC heap after
{Heap after GC invocations=1369 (full 1284):
 garbage-first heap   total 286720K, used 87264K [0x00000000c0000000, 0x0000000100000000)
  region size 1024K, 0 young (0K), 0 survivors (0K)
 Metaspace       used 69438K, committed 70464K, reserved 1114112K
  class space    used 9560K, committed 9920K, reserved 1048576K
}

Dll operation events (13 events):
Event: 0.010 Loaded shared library c:\Users\jkomz\AppData\Roaming\Code\User\globalStorage\pleiades.java-extension-pack-jdk\java\17\bin\java.dll
Event: 0.031 Loaded shared library c:\Users\jkomz\AppData\Roaming\Code\User\globalStorage\pleiades.java-extension-pack-jdk\java\17\bin\jsvml.dll
Event: 0.516 Loaded shared library C:\Users\jkomz\AppData\Roaming\Code\User\globalStorage\pleiades.java-extension-pack-jdk\java\17\bin\net.dll
Event: 0.528 Loaded shared library C:\Users\jkomz\AppData\Roaming\Code\User\globalStorage\pleiades.java-extension-pack-jdk\java\17\bin\nio.dll
Event: 1.425 Loaded shared library C:\Users\jkomz\AppData\Roaming\Code\User\globalStorage\pleiades.java-extension-pack-jdk\java\17\bin\zip.dll
Event: 5.844 Loaded shared library C:\Users\jkomz\AppData\Roaming\Code\User\globalStorage\pleiades.java-extension-pack-jdk\java\17\bin\jimage.dll
Event: 10.441 Loaded shared library C:\Users\jkomz\AppData\Roaming\Code\User\globalStorage\pleiades.java-extension-pack-jdk\java\17\bin\management.dll
Event: 10.445 Loaded shared library C:\Users\jkomz\AppData\Roaming\Code\User\globalStorage\pleiades.java-extension-pack-jdk\java\17\bin\management_ext.dll
Event: 11.652 Loaded shared library C:\Users\jkomz\AppData\Roaming\Code\User\globalStorage\pleiades.java-extension-pack-jdk\java\17\bin\sunmscapi.dll
Event: 13.800 Loaded shared library C:\Users\jkomz\AppData\Local\Temp\snappy-1.1.10-8a3433f8-ed8d-4014-83f3-141b1632df4d-snappyjava.dll
Event: 30.714 Loaded shared library c:\Users\jkomz\AppData\Roaming\Code\User\globalStorage\pleiades.java-extension-pack-jdk\java\17\bin\verify.dll
Event: 134.166 Loaded shared library C:\Users\jkomz\AppData\Roaming\Code\User\globalStorage\pleiades.java-extension-pack-jdk\java\17\bin\attach.dll
Event: 134.557 Loaded shared library C:\Users\jkomz\AppData\Roaming\Code\User\globalStorage\pleiades.java-extension-pack-jdk\java\17\bin\rmi.dll

Deoptimization events (20 events):
Event: 31.595 Thread 0x0000021f6e5238e0 DEOPT PACKING pc=0x0000021f6288f9d4 sp=0x000000bce46fe180
Event: 31.595 Thread 0x0000021f6e5238e0 DEOPT UNPACKING pc=0x0000021f61887143 sp=0x000000bce46fd610 mode 0
Event: 34.114 Thread 0x0000021f6e5238e0 DEOPT PACKING pc=0x0000021f62956bb6 sp=0x000000bce46fd740
Event: 34.114 Thread 0x0000021f6e5238e0 DEOPT UNPACKING pc=0x0000021f61887143 sp=0x000000bce46fcc38 mode 3
Event: 36.704 Thread 0x0000021f6f446d80 DEOPT PACKING pc=0x0000021f629d370c sp=0x000000bce4bfd6d0
Event: 36.704 Thread 0x0000021f6f446d80 DEOPT UNPACKING pc=0x0000021f61887143 sp=0x000000bce4bfcc18 mode 0
Event: 36.709 Thread 0x0000021f6f446d80 DEOPT PACKING pc=0x0000021f629d376c sp=0x000000bce4bfda00
Event: 36.709 Thread 0x0000021f6f446d80 DEOPT UNPACKING pc=0x0000021f61887143 sp=0x000000bce4bfcf50 mode 0
Event: 36.709 Thread 0x0000021f6f446d80 DEOPT PACKING pc=0x0000021f629d376c sp=0x000000bce4bfdc90
Event: 36.709 Thread 0x0000021f6f446d80 DEOPT UNPACKING pc=0x0000021f61887143 sp=0x000000bce4bfd1e0 mode 0
Event: 36.715 Thread 0x0000021f6f446d80 DEOPT PACKING pc=0x0000021f629d376c sp=0x000000bce4bfdfc0
Event: 36.715 Thread 0x0000021f6f446d80 DEOPT UNPACKING pc=0x0000021f61887143 sp=0x000000bce4bfd510 mode 0
Event: 36.715 Thread 0x0000021f6f446d80 DEOPT PACKING pc=0x0000021f629d376c sp=0x000000bce4bfe2c0
Event: 36.715 Thread 0x0000021f6f446d80 DEOPT UNPACKING pc=0x0000021f61887143 sp=0x000000bce4bfd810 mode 0
Event: 36.736 Thread 0x0000021f6f446d80 DEOPT PACKING pc=0x0000021f619c2324 sp=0x000000bce4bfc730
Event: 36.736 Thread 0x0000021f6f446d80 DEOPT UNPACKING pc=0x0000021f61887143 sp=0x000000bce4bfbcc8 mode 0
Event: 134.099 Thread 0x0000021f6f130040 DEOPT PACKING pc=0x0000021f61eb15d4 sp=0x000000bce42ff300
Event: 134.099 Thread 0x0000021f6f130040 DEOPT UNPACKING pc=0x0000021f61887143 sp=0x000000bce42fe788 mode 0
Event: 144.207 Thread 0x0000021f6f44a020 DEOPT PACKING pc=0x0000021f61a0f5cf sp=0x000000bce59fd480
Event: 144.207 Thread 0x0000021f6f44a020 DEOPT UNPACKING pc=0x0000021f61887143 sp=0x000000bce59fc970 mode 3

Classes unloaded (20 events):
Event: 14789.073 Thread 0x0000021f699397f0 Unloading class 0x0000021f01011800 'jdk/internal/reflect/GeneratedSerializationConstructorAccessor150'
Event: 14789.073 Thread 0x0000021f699397f0 Unloading class 0x0000021f01018400 'jdk/internal/reflect/GeneratedSerializationConstructorAccessor149'
Event: 15084.677 Thread 0x0000021f699397f0 Unloading class 0x0000021f01018400 'jdk/internal/reflect/GeneratedSerializationConstructorAccessor154'
Event: 15084.677 Thread 0x0000021f699397f0 Unloading class 0x0000021f01011800 'jdk/internal/reflect/GeneratedSerializationConstructorAccessor153'
Event: 15084.677 Thread 0x0000021f699397f0 Unloading class 0x0000021f0100c400 'jdk/internal/reflect/GeneratedSerializationConstructorAccessor152'
Event: 15390.432 Thread 0x0000021f699397f0 Unloading class 0x0000021f0100c400 'jdk/internal/reflect/GeneratedSerializationConstructorAccessor157'
Event: 15390.432 Thread 0x0000021f699397f0 Unloading class 0x0000021f01011800 'jdk/internal/reflect/GeneratedSerializationConstructorAccessor156'
Event: 15390.432 Thread 0x0000021f699397f0 Unloading class 0x0000021f01018400 'jdk/internal/reflect/GeneratedSerializationConstructorAccessor155'
Event: 15685.881 Thread 0x0000021f699397f0 Unloading class 0x0000021f01018400 'jdk/internal/reflect/GeneratedSerializationConstructorAccessor160'
Event: 15685.882 Thread 0x0000021f699397f0 Unloading class 0x0000021f01011800 'jdk/internal/reflect/GeneratedSerializationConstructorAccessor159'
Event: 15685.882 Thread 0x0000021f699397f0 Unloading class 0x0000021f0100c400 'jdk/internal/reflect/GeneratedSerializationConstructorAccessor158'
Event: 15991.603 Thread 0x0000021f699397f0 Unloading class 0x0000021f0100c400 'jdk/internal/reflect/GeneratedSerializationConstructorAccessor163'
Event: 15991.604 Thread 0x0000021f699397f0 Unloading class 0x0000021f01011800 'jdk/internal/reflect/GeneratedSerializationConstructorAccessor162'
Event: 15991.604 Thread 0x0000021f699397f0 Unloading class 0x0000021f01018400 'jdk/internal/reflect/GeneratedSerializationConstructorAccessor161'
Event: 16287.562 Thread 0x0000021f699397f0 Unloading class 0x0000021f01018400 'jdk/internal/reflect/GeneratedSerializationConstructorAccessor166'
Event: 16287.562 Thread 0x0000021f699397f0 Unloading class 0x0000021f01011800 'jdk/internal/reflect/GeneratedSerializationConstructorAccessor165'
Event: 16287.562 Thread 0x0000021f699397f0 Unloading class 0x0000021f0100c400 'jdk/internal/reflect/GeneratedSerializationConstructorAccessor164'
Event: 16593.456 Thread 0x0000021f699397f0 Unloading class 0x0000021f0100c400 'jdk/internal/reflect/GeneratedSerializationConstructorAccessor169'
Event: 16593.456 Thread 0x0000021f699397f0 Unloading class 0x0000021f01011800 'jdk/internal/reflect/GeneratedSerializationConstructorAccessor168'
Event: 16593.456 Thread 0x0000021f699397f0 Unloading class 0x0000021f01018400 'jdk/internal/reflect/GeneratedSerializationConstructorAccessor167'

Classes redefined (0 events):
No events

Internal exceptions (20 events):
Event: 13979.325 Thread 0x0000021f787ffd70 Exception <a 'java/lang/NoSuchMethodError'{0x00000000d16010c0}: static [Ljava/rmi/server/ObjID;.<clinit>()V> (0x00000000d16010c0) 
thrown [s\src\hotspot\share\prims\jni.cpp, line 1107]
Event: 13979.326 Thread 0x0000021f787ffd70 Exception <a 'java/lang/NoSuchMethodError'{0x00000000d160cbd8}: static [B.<clinit>()V> (0x00000000d160cbd8) 
thrown [s\src\hotspot\share\prims\jni.cpp, line 1107]
Event: 14279.339 Thread 0x0000021f787ffd70 Exception <a 'java/lang/NoSuchMethodError'{0x00000000d16010c0}: static [Ljava/rmi/server/ObjID;.<clinit>()V> (0x00000000d16010c0) 
thrown [s\src\hotspot\share\prims\jni.cpp, line 1107]
Event: 14279.373 Thread 0x0000021f787ffd70 Exception <a 'java/lang/NoSuchMethodError'{0x00000000d160cbd8}: static [B.<clinit>()V> (0x00000000d160cbd8) 
thrown [s\src\hotspot\share\prims\jni.cpp, line 1107]
Event: 14579.338 Thread 0x0000021f787ffd70 Exception <a 'java/lang/NoSuchMethodError'{0x00000000d16010c0}: static [Ljava/rmi/server/ObjID;.<clinit>()V> (0x00000000d16010c0) 
thrown [s\src\hotspot\share\prims\jni.cpp, line 1107]
Event: 14579.365 Thread 0x0000021f787ffd70 Exception <a 'java/lang/NoSuchMethodError'{0x00000000d160cbd8}: static [B.<clinit>()V> (0x00000000d160cbd8) 
thrown [s\src\hotspot\share\prims\jni.cpp, line 1107]
Event: 14879.336 Thread 0x0000021f787ffd70 Exception <a 'java/lang/NoSuchMethodError'{0x00000000d17a5428}: static [Ljava/rmi/server/ObjID;.<clinit>()V> (0x00000000d17a5428) 
thrown [s\src\hotspot\share\prims\jni.cpp, line 1107]
Event: 14879.345 Thread 0x0000021f787ffd70 Exception <a 'java/lang/NoSuchMethodError'{0x00000000d17b0f40}: static [B.<clinit>()V> (0x00000000d17b0f40) 
thrown [s\src\hotspot\share\prims\jni.cpp, line 1107]
Event: 15179.345 Thread 0x0000021f787ffd70 Exception <a 'java/lang/NoSuchMethodError'{0x00000000d17a3e40}: static [Ljava/rmi/server/ObjID;.<clinit>()V> (0x00000000d17a3e40) 
thrown [s\src\hotspot\share\prims\jni.cpp, line 1107]
Event: 15179.390 Thread 0x0000021f787ffd70 Exception <a 'java/lang/NoSuchMethodError'{0x00000000d17af958}: static [B.<clinit>()V> (0x00000000d17af958) 
thrown [s\src\hotspot\share\prims\jni.cpp, line 1107]
Event: 15479.358 Thread 0x0000021f787ffd70 Exception <a 'java/lang/NoSuchMethodError'{0x00000000d17a3e60}: static [Ljava/rmi/server/ObjID;.<clinit>()V> (0x00000000d17a3e60) 
thrown [s\src\hotspot\share\prims\jni.cpp, line 1107]
Event: 15479.413 Thread 0x0000021f787ffd70 Exception <a 'java/lang/NoSuchMethodError'{0x00000000d17af978}: static [B.<clinit>()V> (0x00000000d17af978) 
thrown [s\src\hotspot\share\prims\jni.cpp, line 1107]
Event: 15779.359 Thread 0x0000021f787ffd70 Exception <a 'java/lang/NoSuchMethodError'{0x00000000d17a3e40}: static [Ljava/rmi/server/ObjID;.<clinit>()V> (0x00000000d17a3e40) 
thrown [s\src\hotspot\share\prims\jni.cpp, line 1107]
Event: 15779.403 Thread 0x0000021f787ffd70 Exception <a 'java/lang/NoSuchMethodError'{0x00000000d17af958}: static [B.<clinit>()V> (0x00000000d17af958) 
thrown [s\src\hotspot\share\prims\jni.cpp, line 1107]
Event: 16079.363 Thread 0x0000021f787ffd70 Exception <a 'java/lang/NoSuchMethodError'{0x00000000d17a5428}: static [Ljava/rmi/server/ObjID;.<clinit>()V> (0x00000000d17a5428) 
thrown [s\src\hotspot\share\prims\jni.cpp, line 1107]
Event: 16079.414 Thread 0x0000021f787ffd70 Exception <a 'java/lang/NoSuchMethodError'{0x00000000d17b0f40}: static [B.<clinit>()V> (0x00000000d17b0f40) 
thrown [s\src\hotspot\share\prims\jni.cpp, line 1107]
Event: 16379.365 Thread 0x0000021f787ffd70 Exception <a 'java/lang/NoSuchMethodError'{0x00000000d17eef60}: static [Ljava/rmi/server/ObjID;.<clinit>()V> (0x00000000d17eef60) 
thrown [s\src\hotspot\share\prims\jni.cpp, line 1107]
Event: 16379.414 Thread 0x0000021f787ffd70 Exception <a 'java/lang/NoSuchMethodError'{0x00000000d17faa78}: static [B.<clinit>()V> (0x00000000d17faa78) 
thrown [s\src\hotspot\share\prims\jni.cpp, line 1107]
Event: 16679.369 Thread 0x0000021f787ffd70 Exception <a 'java/lang/NoSuchMethodError'{0x00000000d17a5448}: static [Ljava/rmi/server/ObjID;.<clinit>()V> (0x00000000d17a5448) 
thrown [s\src\hotspot\share\prims\jni.cpp, line 1107]
Event: 16679.419 Thread 0x0000021f787ffd70 Exception <a 'java/lang/NoSuchMethodError'{0x00000000d17b0f60}: static [B.<clinit>()V> (0x00000000d17b0f60) 
thrown [s\src\hotspot\share\prims\jni.cpp, line 1107]

VM Operations (20 events):
Event: 16777.288 Executing VM operation: G1CollectFull done
Event: 16787.444 Executing VM operation: G1CollectFull
Event: 16787.484 Executing VM operation: G1CollectFull done
Event: 16797.626 Executing VM operation: G1CollectFull
Event: 16797.669 Executing VM operation: G1CollectFull done
Event: 16807.806 Executing VM operation: G1CollectFull
Event: 16807.847 Executing VM operation: G1CollectFull done
Event: 16817.988 Executing VM operation: G1CollectFull
Event: 16818.030 Executing VM operation: G1CollectFull done
Event: 16828.162 Executing VM operation: G1CollectFull
Event: 16828.207 Executing VM operation: G1CollectFull done
Event: 16838.340 Executing VM operation: G1CollectFull
Event: 16838.381 Executing VM operation: G1CollectFull done
Event: 16848.524 Executing VM operation: G1CollectFull
Event: 16848.567 Executing VM operation: G1CollectFull done
Event: 16858.713 Executing VM operation: G1CollectFull
Event: 16858.752 Executing VM operation: G1CollectFull done
Event: 16868.916 Executing VM operation: G1CollectFull
Event: 16868.960 Executing VM operation: G1CollectFull done
Event: 16879.105 Executing VM operation: G1CollectFull

Events (20 events):
Event: 1047.372 Thread 0x0000021f787fb180 Thread exited: 0x0000021f787fb180
Event: 1047.376 Thread 0x0000021f787fbba0 Thread exited: 0x0000021f787fbba0
Event: 5236.213 Thread 0x0000021f700b5060 Thread added: 0x0000021f700b5060
Event: 5241.218 Thread 0x0000021f700b5060 Thread exited: 0x0000021f700b5060
Event: 12725.987 Thread 0x0000021f787fdf10 Thread added: 0x0000021f787fdf10
Event: 12725.990 Thread 0x0000021f787fe420 Thread added: 0x0000021f787fe420
Event: 12726.426 Thread 0x0000021f787fbba0 Thread added: 0x0000021f787fbba0
Event: 12726.433 Thread 0x0000021f787ff350 Thread added: 0x0000021f787ff350
Event: 12779.319 loading class com/sun/jmx/remote/internal/ClientListenerInfo
Event: 12779.321 loading class com/sun/jmx/remote/internal/ClientListenerInfo done
Event: 12779.321 loading class javax/management/NotificationFilter
Event: 12779.321 loading class javax/management/NotificationFilter done
Event: 12779.321 loading class javax/management/remote/rmi/RMIConnector$Util
Event: 12779.322 loading class javax/management/remote/rmi/RMIConnector$Util done
Event: 12779.325 loading class javax/management/NotificationBroadcasterSupport$SendNotifJob
Event: 12779.326 loading class javax/management/NotificationBroadcasterSupport$SendNotifJob done
Event: 12790.941 Thread 0x0000021f787fdf10 Thread exited: 0x0000021f787fdf10
Event: 12790.949 Thread 0x0000021f787fe420 Thread exited: 0x0000021f787fe420
Event: 12790.949 Thread 0x0000021f787ff350 Thread exited: 0x0000021f787ff350
Event: 12850.941 Thread 0x0000021f787fbba0 Thread exited: 0x0000021f787fbba0


Dynamic libraries:
0x00007ff6a46b0000 - 0x00007ff6a46be000 	c:\Users\jkomz\AppData\Roaming\Code\User\globalStorage\pleiades.java-extension-pack-jdk\java\17\bin\java.exe
0x00007fffb66b0000 - 0x00007fffb68a8000 	C:\WINDOWS\SYSTEM32\ntdll.dll
0x00007fffb4d00000 - 0x00007fffb4dbf000 	C:\WINDOWS\System32\KERNEL32.DLL
0x00007fffb4100000 - 0x00007fffb43f6000 	C:\WINDOWS\System32\KERNELBASE.dll
0x00007fffb0e00000 - 0x00007fffb0e91000 	C:\WINDOWS\SYSTEM32\apphelp.dll
0x00007fffb4550000 - 0x00007fffb4650000 	C:\WINDOWS\System32\ucrtbase.dll
0x00007fffac290000 - 0x00007fffac2a9000 	c:\Users\jkomz\AppData\Roaming\Code\User\globalStorage\pleiades.java-extension-pack-jdk\java\17\bin\VCRUNTIME140.dll
0x00007fffade10000 - 0x00007fffade27000 	c:\Users\jkomz\AppData\Roaming\Code\User\globalStorage\pleiades.java-extension-pack-jdk\java\17\bin\jli.dll
0x00007fffb4ee0000 - 0x00007fffb507d000 	C:\WINDOWS\System32\USER32.dll
0x00007fffb40d0000 - 0x00007fffb40f2000 	C:\WINDOWS\System32\win32u.dll
0x00007fff9a6a0000 - 0x00007fff9a93a000 	C:\WINDOWS\WinSxS\amd64_microsoft.windows.common-controls_6595b64144ccf1df_6.0.19041.1110_none_60b5254171f9507e\COMCTL32.dll
0x00007fffb4cd0000 - 0x00007fffb4cfc000 	C:\WINDOWS\System32\GDI32.dll
0x00007fffb51f0000 - 0x00007fffb528e000 	C:\WINDOWS\System32\msvcrt.dll
0x00007fffb3f40000 - 0x00007fffb4055000 	C:\WINDOWS\System32\gdi32full.dll
0x00007fffb44b0000 - 0x00007fffb454d000 	C:\WINDOWS\System32\msvcp_win.dll
0x00007fffb5cb0000 - 0x00007fffb5ce0000 	C:\WINDOWS\System32\IMM32.DLL
0x00007fffaf480000 - 0x00007fffaf48c000 	c:\Users\jkomz\AppData\Roaming\Code\User\globalStorage\pleiades.java-extension-pack-jdk\java\17\bin\vcruntime140_1.dll
0x00007fff7d2e0000 - 0x00007fff7d371000 	c:\Users\jkomz\AppData\Roaming\Code\User\globalStorage\pleiades.java-extension-pack-jdk\java\17\bin\msvcp140.dll
0x00007fff3b0c0000 - 0x00007fff3bd0c000 	c:\Users\jkomz\AppData\Roaming\Code\User\globalStorage\pleiades.java-extension-pack-jdk\java\17\bin\server\jvm.dll
0x00007fffb5e70000 - 0x00007fffb5f1f000 	C:\WINDOWS\System32\ADVAPI32.dll
0x00007fffb5440000 - 0x00007fffb54dc000 	C:\WINDOWS\System32\sechost.dll
0x00007fffb6030000 - 0x00007fffb6156000 	C:\WINDOWS\System32\RPCRT4.dll
0x00007fffb32f0000 - 0x00007fffb333b000 	C:\WINDOWS\SYSTEM32\POWRPROF.dll
0x00007fffad730000 - 0x00007fffad739000 	C:\WINDOWS\SYSTEM32\WSOCK32.dll
0x00007fffa1090000 - 0x00007fffa10b7000 	C:\WINDOWS\SYSTEM32\WINMM.dll
0x00007fffb5c40000 - 0x00007fffb5cab000 	C:\WINDOWS\System32\WS2_32.dll
0x00007fffa4830000 - 0x00007fffa483a000 	C:\WINDOWS\SYSTEM32\VERSION.dll
0x00007fffb31b0000 - 0x00007fffb31c2000 	C:\WINDOWS\SYSTEM32\UMPDC.dll
0x00007fffb1c60000 - 0x00007fffb1c72000 	C:\WINDOWS\SYSTEM32\kernel.appcore.dll
0x00007fffac100000 - 0x00007fffac10a000 	c:\Users\jkomz\AppData\Roaming\Code\User\globalStorage\pleiades.java-extension-pack-jdk\java\17\bin\jimage.dll
0x00007fffb1480000 - 0x00007fffb1664000 	C:\WINDOWS\SYSTEM32\DBGHELP.DLL
0x00007fffa1050000 - 0x00007fffa1084000 	C:\WINDOWS\SYSTEM32\dbgcore.DLL
0x00007fffb4680000 - 0x00007fffb4702000 	C:\WINDOWS\System32\bcryptPrimitives.dll
0x00007fff85650000 - 0x00007fff85675000 	c:\Users\jkomz\AppData\Roaming\Code\User\globalStorage\pleiades.java-extension-pack-jdk\java\17\bin\java.dll
0x00007fff69520000 - 0x00007fff695f6000 	c:\Users\jkomz\AppData\Roaming\Code\User\globalStorage\pleiades.java-extension-pack-jdk\java\17\bin\jsvml.dll
0x00007fffb54f0000 - 0x00007fffb5c34000 	C:\WINDOWS\System32\SHELL32.dll
0x00007fffb1df0000 - 0x00007fffb2583000 	C:\WINDOWS\SYSTEM32\windows.storage.dll
0x00007fffb6170000 - 0x00007fffb64c4000 	C:\WINDOWS\System32\combase.dll
0x00007fffb37d0000 - 0x00007fffb37fe000 	C:\WINDOWS\SYSTEM32\Wldp.dll
0x00007fffb65c0000 - 0x00007fffb666d000 	C:\WINDOWS\System32\SHCORE.dll
0x00007fffb5e10000 - 0x00007fffb5e65000 	C:\WINDOWS\System32\shlwapi.dll
0x00007fffb3cc0000 - 0x00007fffb3ce5000 	C:\WINDOWS\SYSTEM32\profapi.dll
0x00007fff9b8c0000 - 0x00007fff9b8d9000 	C:\Users\jkomz\AppData\Roaming\Code\User\globalStorage\pleiades.java-extension-pack-jdk\java\17\bin\net.dll
0x00007fffadef0000 - 0x00007fffadffa000 	C:\WINDOWS\SYSTEM32\WINHTTP.dll
0x00007fffb3530000 - 0x00007fffb359a000 	C:\WINDOWS\system32\mswsock.dll
0x00007fff96240000 - 0x00007fff96255000 	C:\Users\jkomz\AppData\Roaming\Code\User\globalStorage\pleiades.java-extension-pack-jdk\java\17\bin\nio.dll
0x00007fff9cf40000 - 0x00007fff9cf58000 	C:\Users\jkomz\AppData\Roaming\Code\User\globalStorage\pleiades.java-extension-pack-jdk\java\17\bin\zip.dll
0x00007fffb3720000 - 0x00007fffb3738000 	C:\WINDOWS\SYSTEM32\CRYPTSP.dll
0x00007fffb2da0000 - 0x00007fffb2dd4000 	C:\WINDOWS\system32\rsaenh.dll
0x00007fffb4650000 - 0x00007fffb4677000 	C:\WINDOWS\System32\bcrypt.dll
0x00007fffb3c40000 - 0x00007fffb3c6e000 	C:\WINDOWS\SYSTEM32\USERENV.dll
0x00007fffb3740000 - 0x00007fffb374c000 	C:\WINDOWS\SYSTEM32\CRYPTBASE.dll
0x00007fffb31d0000 - 0x00007fffb320b000 	C:\WINDOWS\SYSTEM32\IPHLPAPI.DLL
0x00007fffb6160000 - 0x00007fffb6168000 	C:\WINDOWS\System32\NSI.dll
0x00007fffabcd0000 - 0x00007fffabce7000 	C:\WINDOWS\SYSTEM32\dhcpcsvc6.DLL
0x00007fffabcb0000 - 0x00007fffabccd000 	C:\WINDOWS\SYSTEM32\dhcpcsvc.DLL
0x00007fffb3220000 - 0x00007fffb32ea000 	C:\WINDOWS\SYSTEM32\DNSAPI.dll
0x00007fffac0f0000 - 0x00007fffac0f9000 	C:\Users\jkomz\AppData\Roaming\Code\User\globalStorage\pleiades.java-extension-pack-jdk\java\17\bin\management.dll
0x00007fffabf20000 - 0x00007fffabf2b000 	C:\Users\jkomz\AppData\Roaming\Code\User\globalStorage\pleiades.java-extension-pack-jdk\java\17\bin\management_ext.dll
0x00007fffb4850000 - 0x00007fffb4858000 	C:\WINDOWS\System32\PSAPI.DLL
0x00007fff99dc0000 - 0x00007fff99dce000 	C:\Users\jkomz\AppData\Roaming\Code\User\globalStorage\pleiades.java-extension-pack-jdk\java\17\bin\sunmscapi.dll
0x00007fffb3de0000 - 0x00007fffb3f3e000 	C:\WINDOWS\System32\CRYPT32.dll
0x00007fffb3840000 - 0x00007fffb3868000 	C:\WINDOWS\SYSTEM32\ncrypt.dll
0x00007fffb3800000 - 0x00007fffb383b000 	C:\WINDOWS\SYSTEM32\NTASN1.dll
0x00007fffaa1e0000 - 0x00007fffaa1ea000 	C:\Windows\System32\rasadhlp.dll
0x00007fffa48b0000 - 0x00007fffa4932000 	C:\WINDOWS\System32\fwpuclnt.dll
0x0000000070fc0000 - 0x000000007108d000 	C:\Users\jkomz\AppData\Local\Temp\snappy-1.1.10-8a3433f8-ed8d-4014-83f3-141b1632df4d-snappyjava.dll
0x00007fffa0720000 - 0x00007fffa0730000 	c:\Users\jkomz\AppData\Roaming\Code\User\globalStorage\pleiades.java-extension-pack-jdk\java\17\bin\verify.dll
0x00007fffabf10000 - 0x00007fffabf19000 	C:\Users\jkomz\AppData\Roaming\Code\User\globalStorage\pleiades.java-extension-pack-jdk\java\17\bin\attach.dll
0x00007fff8e430000 - 0x00007fff8e447000 	C:\WINDOWS\system32\napinsp.dll
0x00007fff8e410000 - 0x00007fff8e42b000 	C:\WINDOWS\system32\pnrpnsp.dll
0x00007fffae0d0000 - 0x00007fffae0e5000 	C:\WINDOWS\system32\wshbth.dll
0x00007fffaf2b0000 - 0x00007fffaf2cd000 	C:\WINDOWS\system32\NLAapi.dll
0x00007fff8e3e0000 - 0x00007fff8e3f2000 	C:\WINDOWS\System32\winrnr.dll
0x00007fffa0470000 - 0x00007fffa0477000 	C:\Users\jkomz\AppData\Roaming\Code\User\globalStorage\pleiades.java-extension-pack-jdk\java\17\bin\rmi.dll

dbghelp: loaded successfully - version: 4.0.5 - missing functions: none
symbol engine: initialized successfully - sym options: 0x614 - pdb path: .;c:\Users\jkomz\AppData\Roaming\Code\User\globalStorage\pleiades.java-extension-pack-jdk\java\17\bin;C:\WINDOWS\SYSTEM32;C:\WINDOWS\WinSxS\amd64_microsoft.windows.common-controls_6595b64144ccf1df_6.0.19041.1110_none_60b5254171f9507e;c:\Users\jkomz\AppData\Roaming\Code\User\globalStorage\pleiades.java-extension-pack-jdk\java\17\bin\server;C:\Users\jkomz\AppData\Local\Temp

VM Arguments:
jvm_args: -XX:+HeapDumpOnOutOfMemoryError -Xmx1024m -Dsts.lsp.client=vscode -Dsts.log.file=/dev/null -XX:TieredStopAtLevel=1 -Xlog:jni+resolve=off -Dspring.config.location=file:c:\Users\jkomz\.vscode\extensions\vmware.vscode-spring-boot-1.48.0\language-server\BOOT-INF\classes\application.properties 
java_command: org.springframework.ide.vscode.boot.app.BootLanguageServerBootApp
java_class_path (initial): c:\Users\jkomz\.vscode\extensions\vmware.vscode-spring-boot-1.48.0\language-server\BOOT-INF\classes;c:\Users\jkomz\.vscode\extensions\vmware.vscode-spring-boot-1.48.0\language-server\BOOT-INF\lib\annotations-24.0.1.jar;c:\Users\jkomz\.vscode\extensions\vmware.vscode-spring-boot-1.48.0\language-server\BOOT-INF\lib\antlr-runtime-3.5.3.jar;c:\Users\jkomz\.vscode\extensions\vmware.vscode-spring-boot-1.48.0\language-server\BOOT-INF\lib\antlr4-4.11.1.jar;c:\Users\jkomz\.vscode\extensions\vmware.vscode-spring-boot-1.48.0\language-server\BOOT-INF\lib\antlr4-runtime-4.11.1.jar;c:\Users\jkomz\.vscode\extensions\vmware.vscode-spring-boot-1.48.0\language-server\BOOT-INF\lib\archunit-1.0.1.jar;c:\Users\jkomz\.vscode\extensions\vmware.vscode-spring-boot-1.48.0\language-server\BOOT-INF\lib\asm-9.5.jar;c:\Users\jkomz\.vscode\extensions\vmware.vscode-spring-boot-1.48.0\language-server\BOOT-INF\lib\asm-analysis-9.5.jar;c:\Users\jkomz\.vscode\extensions\vmware.vscode-spring-boot-1.48.0\language-server\BOOT-INF\lib\asm-tree-9.5.jar;c:\Users\jkomz\.vscode\extensions\vmware.vscode-spring-boot-1.48.0\language-server\BOOT-INF\lib\asm-util-9.5.jar;c:\Users\jkomz\.vscode\extensions\vmware.vscode-spring-boot-1.48.0\language-server\BOOT-INF\lib\bosh-language-server-1.48.0-SNAPSHOT.jar;c:\Users\jkomz\.vscode\extensions\vmware.vscode-spring-boot-1.48.0\language-server\BOOT-INF\lib\caffeine-3.1.6.jar;c:\Users\jkomz\.vscode\extensions\vmware.vscode-spring-boot-1.48.0\language-server\BOOT-INF\lib\checker-qual-3.12.0.jar;c:\Users\jkomz\.vscode\extensions\vmware.vscode-spring-boot-1.48.0\language-server\BOOT-INF\lib\classgraph-4.8.149.jar;c:\Users\jkomz\.vscode\extensions\vmware.vscode-spring-boot-1.48.0\language-server\BOOT-INF\lib\commons-codec-1.15.jar;c:\Users\jkomz\.vscode\extensions\vmware.vscode-spring-boot-1.48.0\language-server\BOOT-INF\lib\commons-compress-1.23.0.jar;c:\Users\jkomz\.vscode\extensions\vmware.vscode-spring-boot-1.48.0\language-server\BOOT-INF\lib\
Launcher Type: SUN_STANDARD

[Global flags]
     intx CICompilerCount                          = 4                                         {product} {ergonomic}
     uint ConcGCThreads                            = 2                                         {product} {ergonomic}
     uint G1ConcRefinementThreads                  = 8                                         {product} {ergonomic}
   size_t G1HeapRegionSize                         = 1048576                                   {product} {ergonomic}
    uintx GCDrainStackTargetSize                   = 64                                        {product} {ergonomic}
     bool HeapDumpOnOutOfMemoryError               = true                                   {manageable} {command line}
   size_t InitialHeapSize                          = 132120576                                 {product} {ergonomic}
   size_t MarkStackSize                            = 4194304                                   {product} {ergonomic}
   size_t MaxHeapSize                              = 1073741824                                {product} {command line}
   size_t MaxNewSize                               = 643825664                                 {product} {ergonomic}
   size_t MinHeapDeltaBytes                        = 1048576                                   {product} {ergonomic}
   size_t MinHeapSize                              = 8388608                                   {product} {ergonomic}
    uintx NonProfiledCodeHeapSize                  = 0                                      {pd product} {ergonomic}
     bool ProfileInterpreter                       = false                                  {pd product} {command line}
    uintx ProfiledCodeHeapSize                     = 0                                      {pd product} {ergonomic}
   size_t SoftMaxHeapSize                          = 1073741824                             {manageable} {ergonomic}
     intx TieredStopAtLevel                        = 1                                         {product} {command line}
     bool UseCompressedClassPointers               = true                           {product lp64_product} {ergonomic}
     bool UseCompressedOops                        = true                           {product lp64_product} {ergonomic}
     bool UseG1GC                                  = true                                      {product} {ergonomic}
     bool UseLargePagesIndividualAllocation        = false                                  {pd product} {ergonomic}

Logging:
Log output configuration:
 #0: stdout all=warning,jni+resolve=off uptime,level,tags
 #1: stderr all=off uptime,level,tags

Environment Variables:
PATH=C:\Python311\Scripts\;C:\Python311\;C:\Program Files (x86)\Common Files\Oracle\Java\javapath;C:\Program Files\Microsoft MPI\Bin\;C:\oraclexe\app\oracle\product\11.2.0\server\bin;;C:\Windows\system32;C:\Windows;C:\Windows\System32\Wbem;C:\Windows\System32\WindowsPowerShell\v1.0\;C:\Windows\System32\OpenSSH\;C:\Program Files (x86)\NVIDIA Corporation\PhysX\Common;C:\Program Files\NVIDIA Corporation\NVIDIA NvDLISR;C:\Program Files\PuTTY\;C:\Program Files\dotnet\;C:\ProgramData\chocolatey\bin;C:\WINDOWS\system32;C:\WINDOWS;C:\WINDOWS\System32\Wbem;C:\WINDOWS\System32\WindowsPowerShell\v1.0\;C:\WINDOWS\System32\OpenSSH\;C:\Program Files\nodejs\;C:\Users\jkomz\AppData\Roaming\local\bin;C:\Users\jkomz\AppData\Local\Microsoft\WindowsApps;;C:\ghcup\bin;C:\ProgramData\chocolatey\lib\mingw\tools\install\mingw64\bin;C:\Users\jkomz\AppData\Local\Programs\Microsoft VS Code\bin;C:\Users\jkomz\AppData\Roaming\npm
USERNAME=jkomz
OS=Windows_NT
PROCESSOR_IDENTIFIER=Intel64 Family 6 Model 165 Stepping 2, GenuineIntel
TMP=C:\Users\jkomz\AppData\Local\Temp
TEMP=C:\Users\jkomz\AppData\Local\Temp



---------------  S Y S T E M  ---------------

OS:
 Windows 10 , 64 bit Build 19041 (10.0.19041.3155)
OS uptime: 5 days 7:14 hours
Hyper-V role detected

CPU: total 8 (initial active 8) (4 cores per cpu, 2 threads per core) family 6 model 165 stepping 2 microcode 0xf4, cx8, cmov, fxsr, ht, mmx, 3dnowpref, sse, sse2, sse3, ssse3, sse4.1, sse4.2, popcnt, lzcnt, tsc, tscinvbit, avx, avx2, aes, erms, clmul, bmi1, bmi2, adx, fma, vzeroupper, clflush, clflushopt, hv
Processor Information for all 8 processors :
  Max Mhz: 2496, Current Mhz: 2496, Mhz Limit: 2496

Memory: 4k page, system-wide physical 7985M (127M free)
TotalPageFile size 32561M (AvailPageFile size 14M)
current process WorkingSet (physical memory assigned to process): 137M, peak: 1055M
current process commit charge ("private bytes"): 516M, peak: 1250M

vm_info: OpenJDK 64-Bit Server VM (17.0.8+7) for windows-amd64 JRE (17.0.8+7), built on Jul 18 2023 21:02:32 by "admin" with MS VC++ 16.7 (VS2019)

END.
